<!DOCTYPE html><html xmlns:t="http://microsoft.com/schemas/VisualStudio/TeamTest/2010" xmlns:trxreport="urn:my-scripts">
  <head>
    <META http-equiv="Content-Type" content="text/html; charset=utf-8">
    <meta charset="utf-8">
    <style>html,
body,
form,
fieldset,
h2,
h3,
h4,
h5,
h6,
p,
pre,
blockquote,
ul,
ol,
dl,
address {
    margin: 0;
    padding: 0;
}

.wrapOverall {
    width: auto;
    margin: -8px 0px 0px 0px;
    height: auto;
    margin-left: auto;
    margin-right: auto;
}

#floatingImageBackground {
    position: fixed;
    display: none;
    top: 50%;
    left: 50%;
    margin-top: -300px;
    margin-left: -330px;
    z-index: 100;
    width: 680px;
    height: 600px;
    visibility: hidden;
    background-color: #fff;
    background-repeat: no-repeat;
    border: 2px #0f9bdc;
    border-style: solid;
}

.hWhite {
    color: #333;
}

.titleCenterd {
    position: relative;
    top: 12px;
    height: 40px;
}

.StatusBar {
    width: 100%;
    height: 80px;
}

.statusBarPassed {
    background-color: #5bab5b;
}

.statusBarFailed {
    background-color: #b93333;
}

.statusBarFailedInner {
    position: relative;
    background-color: #a90000;
    width: 100%;
    height: 70%;
    margin-left: auto;
    margin-right: auto;
    margin-top: auto;
    margin-bottom: auto;
    top: 15%;
}

.statusBarPassedInner {
    position: relative;
    background-color: #339833;
    width: 100%;
    height: 70%;
    margin-left: auto;
    margin-right: auto;
    margin-top: auto;
    margin-bottom: auto;
    top: 15%;
}

#floatingImage {
    position: relative;
    margin-left: 8%;
    margin-top: 6%;
    width: auto;
    max-width: 566px;
}

.floatingImageCloseButton {
    background-image: url('data:image/png;base64,iVBORw0KGgoAAAANSUhEUgAAACgAAAAoCAYAAACM/rhtAAAACXBIWXMAAAsTAAALEwEAmpwYAAAKT2lDQ1BQaG90b3Nob3AgSUNDIHByb2ZpbGUAAHjanVNnVFPpFj333vRCS4iAlEtvUhUIIFJCi4AUkSYqIQkQSoghodkVUcERRUUEG8igiAOOjoCMFVEsDIoK2AfkIaKOg6OIisr74Xuja9a89+bN/rXXPues852zzwfACAyWSDNRNYAMqUIeEeCDx8TG4eQuQIEKJHAAEAizZCFz/SMBAPh+PDwrIsAHvgABeNMLCADATZvAMByH/w/qQplcAYCEAcB0kThLCIAUAEB6jkKmAEBGAYCdmCZTAKAEAGDLY2LjAFAtAGAnf+bTAICd+Jl7AQBblCEVAaCRACATZYhEAGg7AKzPVopFAFgwABRmS8Q5ANgtADBJV2ZIALC3AMDOEAuyAAgMADBRiIUpAAR7AGDIIyN4AISZABRG8lc88SuuEOcqAAB4mbI8uSQ5RYFbCC1xB1dXLh4ozkkXKxQ2YQJhmkAuwnmZGTKBNA/g88wAAKCRFRHgg/P9eM4Ors7ONo62Dl8t6r8G/yJiYuP+5c+rcEAAAOF0ftH+LC+zGoA7BoBt/qIl7gRoXgugdfeLZrIPQLUAoOnaV/Nw+H48PEWhkLnZ2eXk5NhKxEJbYcpXff5nwl/AV/1s+X48/Pf14L7iJIEyXYFHBPjgwsz0TKUcz5IJhGLc5o9H/LcL//wd0yLESWK5WCoU41EScY5EmozzMqUiiUKSKcUl0v9k4t8s+wM+3zUAsGo+AXuRLahdYwP2SycQWHTA4vcAAPK7b8HUKAgDgGiD4c93/+8//UegJQCAZkmScQAAXkQkLlTKsz/HCAAARKCBKrBBG/TBGCzABhzBBdzBC/xgNoRCJMTCQhBCCmSAHHJgKayCQiiGzbAdKmAv1EAdNMBRaIaTcA4uwlW4Dj1wD/phCJ7BKLyBCQRByAgTYSHaiAFiilgjjggXmYX4IcFIBBKLJCDJiBRRIkuRNUgxUopUIFVIHfI9cgI5h1xGupE7yAAygvyGvEcxlIGyUT3UDLVDuag3GoRGogvQZHQxmo8WoJvQcrQaPYw2oefQq2gP2o8+Q8cwwOgYBzPEbDAuxsNCsTgsCZNjy7EirAyrxhqwVqwDu4n1Y8+xdwQSgUXACTYEd0IgYR5BSFhMWE7YSKggHCQ0EdoJNwkDhFHCJyKTqEu0JroR+cQYYjIxh1hILCPWEo8TLxB7iEPENyQSiUMyJ7mQAkmxpFTSEtJG0m5SI+ksqZs0SBojk8naZGuyBzmULCAryIXkneTD5DPkG+Qh8lsKnWJAcaT4U+IoUspqShnlEOU05QZlmDJBVaOaUt2ooVQRNY9aQq2htlKvUYeoEzR1mjnNgxZJS6WtopXTGmgXaPdpr+h0uhHdlR5Ol9BX0svpR+iX6AP0dwwNhhWDx4hnKBmbGAcYZxl3GK+YTKYZ04sZx1QwNzHrmOeZD5lvVVgqtip8FZHKCpVKlSaVGyovVKmqpqreqgtV81XLVI+pXlN9rkZVM1PjqQnUlqtVqp1Q61MbU2epO6iHqmeob1Q/pH5Z/YkGWcNMw09DpFGgsV/jvMYgC2MZs3gsIWsNq4Z1gTXEJrHN2Xx2KruY/R27iz2qqaE5QzNKM1ezUvOUZj8H45hx+Jx0TgnnKKeX836K3hTvKeIpG6Y0TLkxZVxrqpaXllirSKtRq0frvTau7aedpr1Fu1n7gQ5Bx0onXCdHZ4/OBZ3nU9lT3acKpxZNPTr1ri6qa6UbobtEd79up+6Ynr5egJ5Mb6feeb3n+hx9L/1U/W36p/VHDFgGswwkBtsMzhg8xTVxbzwdL8fb8VFDXcNAQ6VhlWGX4YSRudE8o9VGjUYPjGnGXOMk423GbcajJgYmISZLTepN7ppSTbmmKaY7TDtMx83MzaLN1pk1mz0x1zLnm+eb15vft2BaeFostqi2uGVJsuRaplnutrxuhVo5WaVYVVpds0atna0l1rutu6cRp7lOk06rntZnw7Dxtsm2qbcZsOXYBtuutm22fWFnYhdnt8Wuw+6TvZN9un2N/T0HDYfZDqsdWh1+c7RyFDpWOt6azpzuP33F9JbpL2dYzxDP2DPjthPLKcRpnVOb00dnF2e5c4PziIuJS4LLLpc+Lpsbxt3IveRKdPVxXeF60vWdm7Obwu2o26/uNu5p7ofcn8w0nymeWTNz0MPIQ+BR5dE/C5+VMGvfrH5PQ0+BZ7XnIy9jL5FXrdewt6V3qvdh7xc+9j5yn+M+4zw33jLeWV/MN8C3yLfLT8Nvnl+F30N/I/9k/3r/0QCngCUBZwOJgUGBWwL7+Hp8Ib+OPzrbZfay2e1BjKC5QRVBj4KtguXBrSFoyOyQrSH355jOkc5pDoVQfujW0Adh5mGLw34MJ4WHhVeGP45wiFga0TGXNXfR3ENz30T6RJZE3ptnMU85ry1KNSo+qi5qPNo3ujS6P8YuZlnM1VidWElsSxw5LiquNm5svt/87fOH4p3iC+N7F5gvyF1weaHOwvSFpxapLhIsOpZATIhOOJTwQRAqqBaMJfITdyWOCnnCHcJnIi/RNtGI2ENcKh5O8kgqTXqS7JG8NXkkxTOlLOW5hCepkLxMDUzdmzqeFpp2IG0yPTq9MYOSkZBxQqohTZO2Z+pn5mZ2y6xlhbL+xW6Lty8elQfJa7OQrAVZLQq2QqboVFoo1yoHsmdlV2a/zYnKOZarnivN7cyzytuQN5zvn//tEsIS4ZK2pYZLVy0dWOa9rGo5sjxxedsK4xUFK4ZWBqw8uIq2Km3VT6vtV5eufr0mek1rgV7ByoLBtQFr6wtVCuWFfevc1+1dT1gvWd+1YfqGnRs+FYmKrhTbF5cVf9go3HjlG4dvyr+Z3JS0qavEuWTPZtJm6ebeLZ5bDpaql+aXDm4N2dq0Dd9WtO319kXbL5fNKNu7g7ZDuaO/PLi8ZafJzs07P1SkVPRU+lQ27tLdtWHX+G7R7ht7vPY07NXbW7z3/T7JvttVAVVN1WbVZftJ+7P3P66Jqun4lvttXa1ObXHtxwPSA/0HIw6217nU1R3SPVRSj9Yr60cOxx++/p3vdy0NNg1VjZzG4iNwRHnk6fcJ3/ceDTradox7rOEH0x92HWcdL2pCmvKaRptTmvtbYlu6T8w+0dbq3nr8R9sfD5w0PFl5SvNUyWna6YLTk2fyz4ydlZ19fi753GDborZ752PO32oPb++6EHTh0kX/i+c7vDvOXPK4dPKy2+UTV7hXmq86X23qdOo8/pPTT8e7nLuarrlca7nuer21e2b36RueN87d9L158Rb/1tWeOT3dvfN6b/fF9/XfFt1+cif9zsu72Xcn7q28T7xf9EDtQdlD3YfVP1v+3Njv3H9qwHeg89HcR/cGhYPP/pH1jw9DBY+Zj8uGDYbrnjg+OTniP3L96fynQ89kzyaeF/6i/suuFxYvfvjV69fO0ZjRoZfyl5O/bXyl/erA6xmv28bCxh6+yXgzMV70VvvtwXfcdx3vo98PT+R8IH8o/2j5sfVT0Kf7kxmTk/8EA5jz/GMzLdsAAAAgY0hSTQAAeiUAAICDAAD5/wAAgOkAAHUwAADqYAAAOpgAABdvkl/FRgAABBtJREFUeNrUmUtPG1cUgD+blxsenhpHTUEtkwi6QBBNpG5qb6wWRaq6sdRkFUWy4i2J5h+MvLDbn5AN66z8D1hYssp6VAjroTXtAmzGTUITyHi6OYOuBxtsIMWMdDRzx557Pp/X3Hsc4fJHRDkH174IyvlSk/f7TASIAkMiwzJWAVvAR8ATaYXArxwwogCNiowp1wEkCtyRyAflOgD2rwowolhpDPgMuAVMAOMyjgEj8j0E4Bh4D/wLvAPeAocy/qBY178oYODKAOwWMAXEAU1kCphIpVIzy8vLyUQiMQ7QaDTebW5u7m9sbPwlYP8ArkhTxocKaFfXD58DN6KAJYDbIgnLslIrKyv3FxcXv04kEhOdJmk0Gm+3t7f/WF9f/71QKGwADWBPpKGAHveTUEECxIBpYAFIA4+B1WKxWK7X62/8Po96vf6mWCyWgVWZKy1zT4uuaCePdnJxVCw3ASSBL4Gv8vl8ulAo/Dw7O5sMP7Czs4PjOLiuC4Cmaei6ztzc3KnJd3d39y3LKq+trf0G/An8DexLKBxLgp1pvVHgc/l1GSBXKpXKnud5qkUcx/FN0/R1XfeVGGoTXdd90zR9x3HarOl5nlcqlcpATnQsiM7R8xJ3GJgE5sQFT0ulUlmd3HVd3zTNrlDdxDRN33XdNlCBfCq65kT38FnWiwFfAA+Ax/l8/qVqOdu2fcMw+oYLxDAM37btNkvm8/mXEpMPRHesmxWHpYQsAA+B1VqttqfCaZp2YbhANE1rg6zVanuSOA9Fd7yTFSNS6+4A3wJPisViWXXrZSzXyZKquyW7n4juO8ISCWfuJHAPWAGeq6XkIjHXS0yqJQh4LrrvCUs07N5p4D7wyLKsV2q2nqUom812tK5hGH42mz3zWTW7Lct6BTwShumwm8eAGeA74Fm1Wn3di/VyuVzHEFBdmMvlerJitVp9DTwThhlhOom/ceAu8APwQnVvtzqXzWb9cPkxDONUfPm+39WSuq6H3fwC+B7Q5RUbCQCngG+An1Kp1K+9uLcTiOu6He+dlWCqm9Pp9C/Aj5LNk0Akqrx7R4CRpaWl24FpHcfpWtFt2yaTydBsNk/uxeNx4vH4ybjZbJLJZLBtu+s8qg7RHawth8KAUWBofn4+0QtgN8h+4MJHq9UKFsRRtbygLnUODg7eBzc0TeO6j6iyf2gBXr1eP+wV0DAMKpVKm1tVd1cqFQzD6B0mGlX3L6cAPwJHW1tbe8GHuq73BddsNk/F5HmQqg7RfRTeDkQkpXVJ8YErMwNfqG/Eq27gFwsDv9wa+AXrjVjyD/ymaSC3nVe6cQdwXfeTbtxvROvjuppHHTtcV9p+a7VaQ8lkMnaV7bcb3cDspwU8EmoB+/9nC7iXJnogahPdC8knb6Jfy98Q/w0Amdn66HQGzvsAAAAASUVORK5CYII=');
    font-size: 50px;
    width: 40px;
    height: 40px;
    position: relative;
    bottom: 20px;
    left: 3%;
    text-align: center;
    cursor: pointer;
    float: right;
    background-repeat: no-repeat;
}

.atachmentImage {
    float: right;
    cursor: pointer;
    width: 20px;
    height: 20px;
    background-size: 20px 20px;
    background-image: url('data:image/png;base64,iVBORw0KGgoAAAANSUhEUgAAACAAAAAgBAMAAACBVGfHAAAAJFBMVEUAAAD///8AAAAAAAAAAAAAAAAAAAAAAAAAAAAAAAAAAAAAAAAW+S7RAAAAC3RSTlMAABBAYHCfv8/f7y5wfg4AAACNSURBVHhendC9DYMwFEXhq0BEi7egTJEBIlHSuKdhBHpGYARGSEtA8JaDBwjbt0Aop/zk5z8Y6gZoh8KVyVrl4NEqDDiXZ7JVGZPu0O4wbPDsxGuyKCXoh28IM4Q6YMzfTQAfIPahx1rhQa2QONAJnXHwUoiugEd4Uz6WL8ZXF4qfP/EH9fSFs4Wh/oAFE9baEPQEC+YAAAAASUVORK5CYIIyNjk=');
}


#exceptionArrow {
    float: left;
    font-size: 20px;
}

h1 {
    font-size: 25px;
}

body {
    font: 16px/20px "Trebuchet MS",Verdana,Arial,Helvetica,sans-serif;
    margin-top: -10px;
    min-width: 890px;
}

p {
    text-align: center;
}

a:link {
    color: #d42945;
    text-decoration: none;
    border-bottom: 1px dotted #ffbac8;
}

a:visited {
    color: #d42945;
    border-bottom: none;
    text-decoration: none;
}

a:hover,
a:focus {
    color: #f03b58;
    border-bottom: 1px solid #f03b58;
    text-decoration: none;
}


.StatusesBorders {
    border-width: 0;
    border-right: 1px solid;
    border-left: 1px solid;
    width: 100px;
}

.PackageStatus {
    width: 100px;
}

.SummaryTable {
    width: auto;
    max-width: 407px;
    float: left;
    margin-right: 20px;
}

#divToRefresh > div > table.SummaryTable > tbody > tr > th {
    width: auto;
    font-weight: bold;
}

.DetailsTable {
    width: auto;
    max-width: 407px;
    float: left;
    margin-right: 20px;
    text-align: left;
    word-wrap: break-word;
}

.StatusesTable {
    width: auto;
}

#divToRefresh > div.SummaryDiv > table.DetailsTable > tbody > tr > td {
    text-align: left;
    word-wrap: break-word;
}

#divToRefresh > div.SummaryDiv > table.DetailsTable > tbody > tr > th {
    width: 30px;
    font-weight:bold;
    /*background-color: #FFFFFF;*/
}

td.slowest {
    width: auto;
}

#TotalTestsTable {
    min-width: 250px;
    width: auto;
    float: left;
    margin-right: 20px;
}

.SummaryDiv {
    width: 90%;
    border-top: 1px solid #e5eff8;
    border-right: 1px solid #e5eff8;
    margin: 1em auto;
    border-collapse: collapse;
}

.Summary {
    float: left;
    border-collapse: collapse;
}

#btn-download {
    font-size: 14px;
}

.column1 {
    color: #425b71 !important;
    width: 170px;
    background: #fff;
    width: 170px;
    font-weight: normal;
    font-size: 12px;
}

.column1Failed {
    background: #c32929;
    width: 30px;
}

#ReportsTable > tbody > tr > th {
    width: 170px;
    font-weight: normal;
    font-size: 12px;
}

#ReportsTable th {
    background: #ffffff;
    text-align: center;
    color: #425b71 !important;
    font-size: 12px;
    font-weight: normal;
}

#TotalPassed {
    min-width: 30px;
    width: auto;
    height: auto;
    color: #7CCD7C;
    background: #c0eec0;
    border: 1px solid #7CCD7C;
    margin-bottom: 5px;
}

#TotalWarn {
    min-width: 30px;
    width: auto;
    height: auto;
    color: #E4C100;
    background: #FBE87E;
    border: 1px solid #E4C100;
    margin-bottom: 5px;
}

#TotalFailed {
    min-width: 30px;
    width: auto;
    height: auto;
    color: #d42945;
    background: #fed9d9;
    border: 1px solid #d42945;
    margin-bottom: 5px;
}

#TotalInfo {
    min-width: 30px;
    width: auto;
    height: auto;
    border: 1px solid #c7c7c7;
    color: #c7c7c7;
    background: #e0e0e0;
}

#dataViewer {
    width: 240px;
}

.OpenMoreButton {
    height: auto;
    width: 200px;
    cursor: pointer;
    text-decoration: none;
    text-align: center;
    background: #47aaf7;
    color: white;
    border: 1px solid #7ac5ff;
    float: right;
}

    .OpenMoreButton:hover {
        background-color: #bfe3ff;
        text-decoration: none;
    }



#MoreButtonText {
    color: #1b99fb;
    top: 0;
    left: 25px;
    font-weight: normal;
    text-align: center;
    font-size: 15px;
    font-family: "Trebuchet MS", Arial, Helvetica, sans-serif;
}

.NumberTag {
    display: inline;
    padding-left: 3px;
    padding-right: 3px;
    margin-right: 4px;
    height: auto;
    color: #678197;
    border: 1px solid #78bcff;
    background-color: #ffffff;
    border-radius: 8px;
    text-align: center;
    margin-bottom: 2px;
    line-height: 27px;
}

.NumberTagRed {
    background-color: #fed9d9;
}

.NumberTagGreen {
    background-color: #c0eec0;
}

.NumberTagYellow {
    background-color: #FBE87E;
}

.hiddenRow {
    display: none;
    visibility: hidden;
}

.visibleRow {
    visibility: visible;
}
.statusBarErrorInner {
    background: #ffffff;
    border: 1px solid #333333 !important;
}
</style>
    <style>table a,
table a:link,
table a:visited {
    border: none;
}

img {
    border: 0;
    margin-top: .5em;
}

table {
    width: 90%;
    margin: 1em auto;
    border-collapse: collapse;
    border: 1px solid #bcbbbb;
}

caption {
    color: #ffffff;
    font-size: 16px;
    letter-spacing: .2em;
    margin: 1em 0 0 0;
    padding: 0;
    caption-side: top;
    text-align: center;
    font-weight: normal;
    border-top: 1px solid #a2caf2;
    border-left: 1px solid #a2caf2;
    border-right: 1px solid #a2caf2;
    background-color: #4e574f;
}

tr.odd .column1 {
    background: #dbedff;
}

tr.odd.column1Failed {
    background: #f96868;
    width: 30px;
}

tr.odd td, tr.sep td {
    background: #FFFFFF;
}

tr.sep .column1 {
    background: #7CCD7C;
}

tr.odd .ex,
tr.sep .ex,
td.ex {
    text-align: left;
    width: 100px;
}

td.exShow {
    text-align: left;
    width: 100px;
    color: #000;
}

td.statusCount {
    width: auto;
}

th.statusCount {
    width: auto;
}

td.critical {
    text-align: left;
    width: 100px;
}

td.Message {
    text-align: left;
    width: auto;
    word-wrap: break-word;
}

td.Messages {
    text-align: left;
    width: auto;
    word-wrap: break-word;
    max-width: 600px;
}

.Atached {
    width: 30px
}

td.Function {
    text-align: left;
}

tr.sep .error,
tr.odd .error,
td.error {
    background: #F08080;
}

tr.odd .warn,
tr.sep .warn,
td.warn {
    color: #E4C100;
    background: #FBE87E;
    width: 90px;
}

tr.odd .info,
td.info,
tr.sep .info {
    color: #c7c7c7;
    background: #e0e0e0;
    width: 90px;
}

tr.odd .failed,
tr.sep.failed,
td.failed {
    color: #fff;
    background: #f96868 !important;
    width: 90px;
}

tr.odd .passed,
tr.sep.passed,
td.passed {
    color: #ffffff;
    background: #53d192 !important;
    width: 90px;
}

td {
    color: #425b71;
    ;
    padding: .3em 1em;
    text-align: center;
    border-left: 1px solid #bcbbbb;
    border-top: 1px solid #bcbbbb;
    word-wrap: break-word;
    font-size: 12px;
}

th {
    font-weight: normal;
    color: #678197;
    text-align: left;
    border-left: 1px solid #bcbbbb;
    border-top: 1px solid #bcbbbb;
    padding: .3em 1em;
}

thead th.TestsTable {
    font-size: 14px;
    font-weight: bold;
    color: #333;
    background: #ffffff;
}

thead th {
    background: #ffffff;
    text-align: center;
    color: #333333;
    font-size: 12px;
}

tfoot th {
    text-align: center;
    background: #f4f9fe;
}

    tfoot th strong {
        font: bold 1.2em "Century Gothic","Trebuchet MS",Arial,Helvetica,sans-serif;
        margin: .5em .5em .5em 0;
        color: #678197;
    }

    tfoot th em {
        color: #678197;
        font-weight: bold;
        font-size: 1.1em;
        font-style: normal;
    }
</style><script language="javascript" type="text/javascript">
var myColor = ["#53d192", "#f96868", "#E6D333"];//green,red,yellow
var myStrokeColor = ["#7CCD7C", "#d42945", "#ffcc00"];

function ShowHide(id1, id2, textOnHide, textOnShow) {
    if (document.getElementById(id1).className == 'visibleRow') {
        document.getElementById(id2).innerHTML = textOnHide;
        document.getElementById(id1).className = 'hiddenRow';
    }
    else {
        document.getElementById(id2).innerHTML = textOnShow;
        document.getElementById(id1).className = 'visibleRow';
    }
}

function AddEventListener() {
    var button = document.getElementById('btn-download');
    button.addEventListener('click', function () {
        button.href = canvas.toDataURL('image/png');
    });
}

function show(id) {
    document.getElementById(id).style.visibility = "visible";
    document.getElementById(id).style.display = "block";
}
function hide(id) {

    document.getElementById(id).style.visibility = "hidden";
    document.getElementById(id).style.display = "none";
}

function updateFloatingImage(url) {
    document.getElementById('floatingImage').src = url;
}

/**
 * @return {number}
 */
function GetTotal() {
    var myTotal = 0;
    for (var j = 0; j < myData.length; j++) {
        myTotal += (typeof myData[j] == 'number') ? myData[j] : 0;
    }
    return myTotal;
}

function CreateHorizontalBars(id, totalPass, totalFailed, totalWarn) {

    if (isNaN(totalPass) || isNaN(totalFailed) || isNaN(totalWarn)) {
        drawLine(30, 4.5, 3, 30.5, id);
    }
    var canvas;
    var ctx;
    var myArray = new Array(3);
    myArray[0] = totalPass;
    myArray[1] = totalFailed;
    myArray[2] = totalWarn;

    canvas = document.getElementById(id);
    ctx = canvas.getContext("2d");

    var cw = canvas.width;
    var ch = canvas.height;

    var width = 6;
    var currX = -12;

    ctx.translate(cw / 2, ch / 2);

    ctx.rotate(Math.PI / 2);

    ctx.restore();

    for (var i = 0 ; i < myArray.length; i++) {
        ctx.moveTo(100, 0);
        ctx.fillStyle = myColor[i];
        var h = myArray[i];
        ctx.fillRect(currX, (canvas.height - h) + 25, width, h);
        currX += width + 1;
    }
}



function CreatePie() {
    var canvas;
    var ctx;
    var lastend = 0;
    var myTotal = GetTotal();

    canvas = document.getElementById('canvas');
    ctx = canvas.getContext('2d');
    ctx.clearRect(0, 0, canvas.width, canvas.height);

    CreateText();

    for (var i = 0; i < myData.length; i++) {
        ctx.fillStyle = myColor[i];
        ctx.beginPath();
        ctx.moveTo(160, 75);
        ctx.arc(160, 75, 75, lastend, lastend +
            (Math.PI * 2 * (myData[i] / myTotal)), false);
        ctx.lineTo(160, 75);
        ctx.fill();
        lastend += Math.PI * 2 * (myData[i] / myTotal);
        ctx.arc(160, 75, 40, 0, Math.PI * 2);
    }

    // either change this to the background color, or use the global composition
    ctx.globalCompositeOperation = "destination-out";
    ctx.beginPath();
    ctx.moveTo(160, 35);
    ctx.arc(160, 75, 40, 0, Math.PI * 2);
    ctx.fill();
    ctx.closePath();
    // if using the global composition method, make sure to change it back to default.
    ctx.globalCompositeOperation = "source-over";
}

function drawLine(x1, y1, x2, y2, id) {
    var canvas = document.getElementById(id);
    var context = canvas.getContext("2d");

    for (var i = 0; i < 8; i++) {
        context.fillStyle = '#000';
        context.strokeStyle = '#B0B0B0';

        context.beginPath();
        context.moveTo(x1, y1);
        context.lineTo(x2, y2);
        context.lineWidth = 1;
        context.stroke();
        context.closePath();
        x1 += 10;
        y2 += 10;
    }
}

function CreateText() {
    var canvas;
    var ctx;
    var textPosY = 50;
    var textPosX = 0;

    canvas = document.getElementById("canvas");
    ctx = canvas.getContext("2d");
    ctx.clearRect(0, 0, canvas.width, canvas.height);

    for (var i = 0; i < myData.length; i++) {
        ctx.fillStyle = myStrokeColor[i];
        ctx.font = "15px arial";
        ctx.fillText(myParsedData[i], textPosX, textPosY);
        textPosY += 35;
    }
}

var allPassed = 0;
var allFailed = 0;
var allWarns = 0;

var myData = [];

var myParsedData = [];

function CalculateTotalPrecents() {

    var totalTests = allPassed + allFailed + allWarns;
    var passedPrec = (allPassed / totalTests) * 100;
    var failedPrec = (allFailed / totalTests) * 100;
    var warnPrec = (allWarns / totalTests) * 100;

    myData.push(passedPrec);
    myData.push(failedPrec);
    myData.push(warnPrec);

    myParsedData.push(allPassed + " (" + Math.round(passedPrec).toFixed(2) + "%)");
    myParsedData.push(allFailed + " (" + Math.round(failedPrec).toFixed(2) + "%)");
    myParsedData.push(allWarns + " (" + Math.round(warnPrec).toFixed(2) + "%)");

    document.getElementById('dataViewer').innerHTML = "<tr class='odd'><td><canvas id='canvas' width='340' height='150'>This text is displayed if your browser does not support HTML5 Canvas.</canvas></td></tr>";
    CreatePie();
    AddEventListener();
}

function CalculateTestsStatuses(testContaineId, canvasId) {
    var totalPassed = 0;
    var totalFailed = 0;
    var totalInconclusive = 0;
    var e = document.getElementById(testContaineId);
    var tests = e.getElementsByClassName('Test');
    for (var i = 0; i < tests.length; i++) {
        var test = tests[i];
        if (test.getElementsByClassName('warn').length > 0) {
            totalInconclusive++;
            allWarns++;
        }
        else if (test.getElementsByClassName('failed').length > 0) {
            totalFailed++;
            allFailed++;
        }
        else if (test.getElementsByClassName('passed').length > 0) {
            totalPassed++;
            allPassed++;
        }
    }

    var totalTests = totalFailed + totalInconclusive + totalPassed;
    var passedPrec = (totalPassed / totalTests) * 100;
    var failedPrec = (totalFailed / totalTests) * 100;
    var warnPrec = (totalInconclusive / totalTests) * 100;


    CreateHorizontalBars(canvasId, passedPrec, failedPrec, warnPrec);
}



</script><title>raees@DESKTOP-FCRQ2KL 2022-10-20 09:13:45</title>
  </head>
  <body>
    <div id="divToRefresh" class="wrapOverall">
      <div id="floatingImageBackground" class="floatingImageBackground" style="visibility: hidden;">
        <div class="floatingImageCloseButton" onclick="hide('floatingImageBackground');"></div><img src="" id="floatingImage"></div><br><div class="StatusBar statusBarFailed">
        <div class="statusBarFailedInner">
          <center>
            <h1 class="hWhite">
              <div class="titleCenterd">raees@DESKTOP-FCRQ2KL 2022-10-20 09:13:45</div>
            </h1>
          </center>
        </div>
      </div>
      <div class="SummaryDiv">
        <table id="TotalTestsTable">
          <caption>Results Summary</caption>
          <thead>
            <tr class="odd">
              <th scope="col" abbr="Status">
                    Pie View
                  </th>
            </tr>
          </thead>
          <tbody>
            <tr>
              <td>
                <div id="dataViewer"></div>
              </td>
            </tr>
            <tr id="DownloadSection">
              <td><a href="#" class="button" id="btn-download" download="raees@DESKTOP-FCRQ2KL 2022-10-20 09:13:45StatusesPie.png">Save graph</a></td>
            </tr>
          </tbody>
        </table>
        <table class="DetailsTable StatusesTable">
          <caption>Tests Statuses</caption>
          <tbody>
            <tr class="odd">
              <th class="column1 statusCount">Total</th>
              <td class="statusCount">23</td>
            </tr>
            <tr>
              <th scope="row" class="column1 statusCount">Executed</th>
              <td class="statusCount">23</td>
            </tr>
            <tr>
              <th scope="row" class="column1 statusCount">Passed</th>
              <td class="statusCount">13</td>
            </tr>
            <tr>
              <th scope="row" class="column1 statusCount">Failed</th>
              <td class="statusCount">10</td>
            </tr>
            <tr>
              <th scope="row" class="column1 statusCount">Inconclusive</th>
              <td class="statusCount">0</td>
            </tr>
            <tr>
              <th scope="row" class="column1 statusCount">Error</th>
              <td class="statusCount">0</td>
            </tr>
            <tr>
              <th scope="row" class="column1 statusCount">Warning</th>
              <td class="statusCount">0</td>
            </tr>
            <tr>
              <th scope="row" class="column1 statusCount">Timeout</th>
              <td class="statusCount">0</td>
            </tr>
          </tbody>
        </table>
        <table class="SummaryTable">
          <caption>Run Time Summary</caption>
          <tbody>
            <tr class="odd">
              <th class="column1">Start Time</th>
              <td>10/20/2022 9:12:37 AM</td>
            </tr>
            <tr>
              <th class="column1">End Time</th>
              <td>10/20/2022 9:50:46 AM</td>
            </tr>
            <tr>
              <th class="column1">Duration</th>
              <td>38.16 minutes</td>
            </tr>
          </tbody>
        </table>
        <table class="DetailsTable">
          <caption>Tests Details</caption>
          <tbody>
            <tr class="odd">
              <th class="column1">User</th>
              <td>DESKTOP-FCRQ2KL\raees</td>
            </tr>
            <tr>
              <th scope="row" class="column1">Machine</th>
              <td>DESKTOP-FCRQ2KL</td>
            </tr>
            <tr>
              <th scope="row" class="column1">Description</th>
              <td>
              </td>
            </tr>
          </tbody>
        </table>
      </div>
      <table id="ReportsTable">
        <caption>All Failed Tests</caption>
        <tbody>
          <tr>
            <td class="column1Failed"></td>
            <td class="Function">
                    Faileds
                  </td>
            <td class="Message" name="Id"> Tests</td>
            <td class="ex">
              <div class="OpenMoreButton" onclick="ShowHide('TestsContainer','Button','Show Tests','Hide Tests');">
                <div class="MoreButtonText" id="Button">Hide Tests</div>
              </div>
            </td>
          </tr>
          <tr id="TestsContainer" class="visibleRow">
            <td colspan="4">
              <div id="exceptionArrow">↳</div>
              <table>
                <thead>
                  <tr class="odd">
                    <th scope="col" class="TestsTable">Time</th>
                    <th scope="col" class="TestsTable" abbr="Status">Status</th>
                    <th scope="col" class="TestsTable" abbr="Test">Test</th>
                    <th scope="col" class="TestsTable" abbr="Message">Message</th>
                    <th scope="col" class="TestsTable" abbr="Message">Owner</th>
                    <th scope="col" class="TestsTable" abbr="Exception">Duration</th>
                  </tr>
                </thead>
                <tbody>
                  <tr class="Test">
                    <th scope="row" class="column1">10/20/2022 9:20:26 AM</th>
                    <td class="failed">FAILED</td>
                    <td class="Function">PlaceOrder_SignIn_While_CheckOut</td>
                    <td class="Messages">PlaceOrder_SignIn_While_CheckOut<a style="float:right;" id="ID0AKB0MBStacktraceToggle" href="javascript:ShowHide('ID0AKB0MBStacktrace','ID0AKB0MBStacktraceToggle','Show Stacktrace','Hide Stacktrace');">Show Stacktrace</a><br>Test method SQABOOTCAUMP01_FINAL_PROJECT_Umar_Khursheed_.NewFolder1.PlaceOrderTestCase.PlaceOrder_SignIn_While_CheckOut threw exception: 
OpenQA.Selenium.WebDriverException: An unknown exception was encountered sending an HTTP request to the remote WebDriver server for URL http://localhost:63462/session/7272e8e9f3bdcd4d70a9c0688fc1c9c4/execute/sync. The exception message was: An error occurred while sending the request. ---&gt; System.Net.Http.HttpRequestException: An error occurred while sending the request. ---&gt; System.Net.WebException: Unable to connect to the remote server ---&gt; System.Net.Sockets.SocketException: No connection could be made because the target machine actively refused it 127.0.0.1:63462<br></td>
                    <td class="Message"></td>
                    <td class="Message">4.21 minutes</td>
                  </tr>
                  <tr id="ID0AKB0MBStacktrace" class="hiddenRow">
                    <td colspan="6">
                      <div id="exceptionArrow">↳</div>
                      <table>
                        <tbody>
                          <tr class="visibleRow">
                            <td class="ex">    at System.Net.Sockets.Socket.InternalEndConnect(IAsyncResult asyncResult)
   at System.Net.Sockets.Socket.EndConnect(IAsyncResult asyncResult)
   at System.Net.ServicePoint.ConnectSocketInternal(Boolean connectFailure, Socket s4, Socket s6, Socket&amp; socket, IPAddress&amp; address, ConnectSocketState state, IAsyncResult asyncResult, Exception&amp; exception)
--- End of inner exception stack trace ---
    at System.Net.HttpWebRequest.EndGetRequestStream(IAsyncResult asyncResult, TransportContext&amp; context)
   at System.Net.Http.HttpClientHandler.GetRequestStreamCallback(IAsyncResult ar)
--- End of inner exception stack trace ---
    at System.Runtime.ExceptionServices.ExceptionDispatchInfo.Throw()
   at System.Runtime.CompilerServices.TaskAwaiter.HandleNonSuccessAndDebuggerNotification(Task task)
   at System.Runtime.CompilerServices.TaskAwaiter`1.GetResult()
   at OpenQA.Selenium.Remote.HttpCommandExecutor.&lt;MakeHttpRequest&gt;d__35.MoveNext()
--- End of stack trace from previous location where exception was thrown ---
   at System.Runtime.ExceptionServices.ExceptionDispatchInfo.Throw()
   at System.Runtime.CompilerServices.TaskAwaiter.HandleNonSuccessAndDebuggerNotification(Task task)
   at System.Runtime.CompilerServices.TaskAwaiter`1.GetResult()
   at OpenQA.Selenium.Remote.HttpCommandExecutor.Execute(Command commandToExecute)
--- End of inner exception stack trace ---
    at OpenQA.Selenium.Remote.HttpCommandExecutor.Execute(Command commandToExecute)
   at OpenQA.Selenium.Remote.DriverServiceCommandExecutor.Execute(Command commandToExecute)
   at OpenQA.Selenium.WebDriver.Execute(String driverCommandToExecute, Dictionary`2 parameters)
   at OpenQA.Selenium.WebDriver.ExecuteScriptCommand(String script, String commandName, Object[] args)
   at OpenQA.Selenium.WebDriver.ExecuteScript(String script, Object[] args)
   at SQABootCampFinalProject.PageObjectModel.BaseClass.CommonMethodClass.IsPageReady(IWebDriver driver) in C:\Users\raees\source\repos\SQABootCampFinalProject\PageObjectModel\BaseClass\BaseClass.cs:line 444
   at SQABootCampFinalProject.PageObjectModel.BaseClass.CommonMethodClass.&lt;&gt;c__DisplayClass53_0.&lt;WaitforElement&gt;b__0(IWebDriver driver) in C:\Users\raees\source\repos\SQABootCampFinalProject\PageObjectModel\BaseClass\BaseClass.cs:line 489
   at OpenQA.Selenium.Support.UI.DefaultWait`1.Until[TResult](Func`2 condition, CancellationToken token)
   at OpenQA.Selenium.Support.UI.DefaultWait`1.Until[TResult](Func`2 condition)
   at SQABootCampFinalProject.PageObjectModel.BaseClass.CommonMethodClass.WaitforElement(By by, Int32 timeToReadyElement) in C:\Users\raees\source\repos\SQABootCampFinalProject\PageObjectModel\BaseClass\BaseClass.cs:line 489
   at SQABootCampFinalProject.PageObjectModel.BaseClass.CommonMethodClass.GetElementText_And_Verify_Visibilit(String elementtext, By path) in C:\Users\raees\source\repos\SQABootCampFinalProject\PageObjectModel\BaseClass\BaseClass.cs:line 362
   at SQABOOTCAUMP01_FINAL_PROJECT_Umar_Khursheed_.PageObjectModel.Home.PlaceOrder.Place_Order() in C:\Users\raees\source\repos\SQABootCampFinalProject\PageObjectModel\PlaceOrder\PlaceOrder.cs:line 32
   at SQABOOTCAUMP01_FINAL_PROJECT_Umar_Khursheed_.PageObjectModel.Home.CommonClass.PlaceOrder1() in C:\Users\raees\source\repos\SQABootCampFinalProject\PageObjectModel\PlaceOrder\CommonClass.cs:line 32
   at SQABOOTCAUMP01_FINAL_PROJECT_Umar_Khursheed_.NewFolder1.PlaceOrderTestCase.PlaceOrder_SignIn_While_CheckOut() in C:\Users\raees\source\repos\SQABootCampFinalProject\PageObjectModel\PlaceOrder\PlaceOrderTestCase.cs:line 32
</td>
                          </tr>
                        </tbody>
                      </table>
                    </td>
                  </tr>
                  <tr class="Test">
                    <th scope="row" class="column1">10/20/2022 9:16:05 AM</th>
                    <td class="failed">FAILED</td>
                    <td class="Function">verify_search_with_ValidData_and_Select_Items_From_Suggestion (Data Row 0)</td>
                    <td class="Messages">verify_search_with_ValidData_and_Select_Items_From_Suggestion<a style="float:right;" id="ID0AWF0YFStacktraceToggle" href="javascript:ShowHide('ID0AWF0YFStacktrace','ID0AWF0YFStacktraceToggle','Show Stacktrace','Hide Stacktrace');">Show Stacktrace</a><br>Assert.AreEqual failed. Expected:&lt;
Hero Hoodie &gt;. Actual:&lt;Hero Hoodie&gt;. <br></td>
                    <td class="Message"></td>
                    <td class="Message">3.11 minutes</td>
                  </tr>
                  <tr id="ID0AWF0YFStacktrace" class="hiddenRow">
                    <td colspan="6">
                      <div id="exceptionArrow">↳</div>
                      <table>
                        <tbody>
                          <tr class="visibleRow">
                            <td class="ex">   at SQABootCampFinalProject.PageObjectModel.BaseClass.CommonMethodClass.GetElementText_And_Verify_Visibilit(String elementtext, By path) in C:\Users\raees\source\repos\SQABootCampFinalProject\PageObjectModel\BaseClass\BaseClass.cs:line 363
   at SQABOOTCAUMP01_FINAL_PROJECT_Umar_Khursheed_.SearchClass.Verify_Search_Product_Hero_Hoodie_Showing() in C:\Users\raees\source\repos\SQABootCampFinalProject\PageObjectModel\SearchPage\SearchClass.cs:line 42
   at SQABOOTCAUMP01_FINAL_PROJECT_Umar_Khursheed_.SearchClass.Suggestion_Items(String text1, String text2, String text3) in C:\Users\raees\source\repos\SQABootCampFinalProject\PageObjectModel\SearchPage\SearchClass.cs:line 104
   at SQABOOTCAUMP01_FINAL_PROJECT_Umar_Khursheed_.SearchClassTestCase.verify_search_with_ValidData_and_Select_Items_From_Suggestion() in C:\Users\raees\source\repos\SQABootCampFinalProject\PageObjectModel\SearchPage\SearchClassTestCase.cs:line 32
</td>
                          </tr>
                        </tbody>
                      </table>
                    </td>
                  </tr>
                  <tr class="Test">
                    <th scope="row" class="column1">10/20/2022 9:27:04 AM</th>
                    <td class="failed">FAILED</td>
                    <td class="Function">PlaceOrder_Register_Before_Checkout (Data Row 0)</td>
                    <td class="Messages">PlaceOrder_Register_Before_Checkout<a style="float:right;" id="ID0AKAAC0MAACStacktraceToggle" href="javascript:ShowHide('ID0AKAAC0MAACStacktrace','ID0AKAAC0MAACStacktraceToggle','Show Stacktrace','Hide Stacktrace');">Show Stacktrace</a><br>Test method SQABOOTCAUMP01_FINAL_PROJECT_Umar_Khursheed_.NewFolder1.PlaceOrderTestCase.PlaceOrder_Register_Before_Checkout threw exception: 
OpenQA.Selenium.ElementNotInteractableException: Element &lt;select id="AJQ3IC1" class="select" name="country_id"&gt; could not be scrolled into view<br></td>
                    <td class="Message"></td>
                    <td class="Message">1.24 minutes</td>
                  </tr>
                  <tr id="ID0AKAAC0MAACStacktrace" class="hiddenRow">
                    <td colspan="6">
                      <div id="exceptionArrow">↳</div>
                      <table>
                        <tbody>
                          <tr class="visibleRow">
                            <td class="ex">    at OpenQA.Selenium.WebDriver.UnpackAndThrowOnError(Response errorResponse, String commandToExecute)
   at OpenQA.Selenium.WebDriver.Execute(String driverCommandToExecute, Dictionary`2 parameters)
   at OpenQA.Selenium.WebDriver.InternalExecute(String driverCommandToExecute, Dictionary`2 parameters)
   at OpenQA.Selenium.WebElement.Execute(String commandToExecute, Dictionary`2 parameters)
   at OpenQA.Selenium.WebElement.Click()
   at SQABootCampFinalProject.PageObjectModel.BaseClass.CommonMethodClass.MultipleItems_From_Drop_Down(By path) in C:\Users\raees\source\repos\SQABootCampFinalProject\PageObjectModel\BaseClass\BaseClass.cs:line 191
   at SQABOOTCAUMP01_FINAL_PROJECT_Umar_Khursheed_.PageObjectModel.Home.ShoppingCart.Select_Drop_Down() in C:\Users\raees\source\repos\SQABootCampFinalProject\PageObjectModel\PlaceOrder\ShoppingCart.cs:line 48
   at SQABOOTCAUMP01_FINAL_PROJECT_Umar_Khursheed_.PageObjectModel.Home.ShoppingCart.Shopping_Cart_Stark_Fundamental_Hoodie() in C:\Users\raees\source\repos\SQABootCampFinalProject\PageObjectModel\PlaceOrder\ShoppingCart.cs:line 98
   at SQABOOTCAUMP01_FINAL_PROJECT_Umar_Khursheed_.PageObjectModel.Home.CommonClass.PlaceOrder3(String fname, String lname, String email, String pass, String confirmpass) in C:\Users\raees\source\repos\SQABootCampFinalProject\PageObjectModel\PlaceOrder\CommonClass.cs:line 51
   at SQABOOTCAUMP01_FINAL_PROJECT_Umar_Khursheed_.NewFolder1.PlaceOrderTestCase.PlaceOrder_Register_Before_Checkout() in C:\Users\raees\source\repos\SQABootCampFinalProject\PageObjectModel\PlaceOrder\PlaceOrderTestCase.cs:line 74
</td>
                          </tr>
                        </tbody>
                      </table>
                    </td>
                  </tr>
                  <tr class="Test">
                    <th scope="row" class="column1">10/20/2022 9:36:11 AM</th>
                    <td class="failed">FAILED</td>
                    <td class="Function">Verfy_Contact_Us_Form_By_Empty_All_MandatoryFields (Data Row 0)</td>
                    <td class="Messages">Verfy_Contact_Us_Form_By_Empty_All_MandatoryFields<a style="float:right;" id="ID0AEBAC0GBACStacktraceToggle" href="javascript:ShowHide('ID0AEBAC0GBACStacktrace','ID0AEBAC0GBACStacktraceToggle','Show Stacktrace','Hide Stacktrace');">Show Stacktrace</a><br>Test method SQABootCampFinalProject.PageObjectModel.ContactUs.ContactUsTestCase.Verfy_Contact_Us_Form_By_Empty_All_MandatoryFields threw exception: 
OpenQA.Selenium.InvalidSelectorException: Given css selector expression "frame#222202192597454,iframe#222202192597454" is invalid: SyntaxError: Document.querySelectorAll: 'frame#222202192597454,iframe#222202192597454' is not a valid selector<br></td>
                    <td class="Message"></td>
                    <td class="Message">24.92 seconds</td>
                  </tr>
                  <tr id="ID0AEBAC0GBACStacktrace" class="hiddenRow">
                    <td colspan="6">
                      <div id="exceptionArrow">↳</div>
                      <table>
                        <tbody>
                          <tr class="visibleRow">
                            <td class="ex">    at OpenQA.Selenium.WebDriver.UnpackAndThrowOnError(Response errorResponse, String commandToExecute)
   at OpenQA.Selenium.WebDriver.Execute(String driverCommandToExecute, Dictionary`2 parameters)
   at OpenQA.Selenium.WebDriver.FindElements(String mechanism, String value)
   at OpenQA.Selenium.By.&lt;.ctor&gt;b__11_1(ISearchContext context)
   at OpenQA.Selenium.By.FindElements(ISearchContext context)
   at OpenQA.Selenium.WebDriver.FindElements(By by)
   at OpenQA.Selenium.TargetLocator.Frame(String frameName)
   at SQABootCampFinalProject.PageObjectModel.ContactUs.ContactUsClass.Contact_Us(String Name, String Email, String Contactno, String Message) in C:\Users\raees\source\repos\SQABootCampFinalProject\PageObjectModel\ContactUs\ContactUsClass.cs:line 35
   at SQABootCampFinalProject.PageObjectModel.ContactUs.ContactUsTestCase.Verfy_Contact_Us_Form_By_Empty_All_MandatoryFields() in C:\Users\raees\source\repos\SQABootCampFinalProject\PageObjectModel\ContactUs\ContactUsTestCase.cs:line 46
</td>
                          </tr>
                        </tbody>
                      </table>
                    </td>
                  </tr>
                  <tr class="Test">
                    <th scope="row" class="column1">10/20/2022 9:44:11 AM</th>
                    <td class="failed">FAILED</td>
                    <td class="Function">Addtocart_Without_Size_color_and_Quantity</td>
                    <td class="Messages">Addtocart_Without_Size_color_and_Quantity<a style="float:right;" id="ID0A5BAC0ACACStacktraceToggle" href="javascript:ShowHide('ID0A5BAC0ACACStacktrace','ID0A5BAC0ACACStacktraceToggle','Show Stacktrace','Hide Stacktrace');">Show Stacktrace</a><br>Test method SQABootCampFinalProject.PageObjectModel.AddToCart.AddToCartTestCases.Addtocart_Without_Size_color_and_Quantity threw exception: 
OpenQA.Selenium.WebDriverTimeoutException: Timed out after 60 seconds ---&gt; OpenQA.Selenium.NoSuchElementException: no such element: Unable to locate element: {"method":"css selector","selector":"#super_attribute\[143\]\-error"}
  (Session info: chrome=106.0.5249.119)<br></td>
                    <td class="Message"></td>
                    <td class="Message">4.31 minutes</td>
                  </tr>
                  <tr id="ID0A5BAC0ACACStacktrace" class="hiddenRow">
                    <td colspan="6">
                      <div id="exceptionArrow">↳</div>
                      <table>
                        <tbody>
                          <tr class="visibleRow">
                            <td class="ex">    at OpenQA.Selenium.WebDriver.UnpackAndThrowOnError(Response errorResponse, String commandToExecute)
   at OpenQA.Selenium.WebDriver.Execute(String driverCommandToExecute, Dictionary`2 parameters)
   at OpenQA.Selenium.WebDriver.FindElement(String mechanism, String value)
   at OpenQA.Selenium.By.&lt;.ctor&gt;b__11_0(ISearchContext context)
   at OpenQA.Selenium.By.FindElement(ISearchContext context)
   at OpenQA.Selenium.WebDriver.FindElement(By by)
   at SQABootCampFinalProject.PageObjectModel.BaseClass.CommonMethodClass.IsElementVisible(By by) in C:\Users\raees\source\repos\SQABootCampFinalProject\PageObjectModel\BaseClass\BaseClass.cs:line 451
   at SQABootCampFinalProject.PageObjectModel.BaseClass.CommonMethodClass.&lt;&gt;c__DisplayClass53_0.&lt;WaitforElement&gt;b__0(IWebDriver driver) in C:\Users\raees\source\repos\SQABootCampFinalProject\PageObjectModel\BaseClass\BaseClass.cs:line 489
   at OpenQA.Selenium.Support.UI.DefaultWait`1.Until[TResult](Func`2 condition, CancellationToken token)
--- End of inner exception stack trace ---
    at OpenQA.Selenium.Support.UI.DefaultWait`1.ThrowTimeoutException(String exceptionMessage, Exception lastException)
   at OpenQA.Selenium.Support.UI.DefaultWait`1.Until[TResult](Func`2 condition, CancellationToken token)
   at OpenQA.Selenium.Support.UI.DefaultWait`1.Until[TResult](Func`2 condition)
   at SQABootCampFinalProject.PageObjectModel.BaseClass.CommonMethodClass.WaitforElement(By by, Int32 timeToReadyElement) in C:\Users\raees\source\repos\SQABootCampFinalProject\PageObjectModel\BaseClass\BaseClass.cs:line 489
   at SQABootCampFinalProject.PageObjectModel.BaseClass.CommonMethodClass.GetElementText_And_Verify_Visibilit(String elementtext, By path) in C:\Users\raees\source\repos\SQABootCampFinalProject\PageObjectModel\BaseClass\BaseClass.cs:line 362
   at SQABootCampFinalProject.PageObjectModel.AddToCart.AddPhoebeZipperIntoCart.Verify_Size_Error_Message_Showing() in C:\Users\raees\source\repos\SQABootCampFinalProject\PageObjectModel\AddToCart\AddPhoebeZipperItemIntoCart.cs:line 52
   at SQABootCampFinalProject.PageObjectModel.AddToCart.AddPhoebeZipperIntoCart.AddToCart_phoebe_WithoutSizeColorAndQuantity() in C:\Users\raees\source\repos\SQABootCampFinalProject\PageObjectModel\AddToCart\AddPhoebeZipperItemIntoCart.cs:line 152
   at SQABOOTCAUMP01_FINAL_PROJECT_Umar_Khursheed_.PageObjectModel.Home.CommonClass.Add_Without_SizeColorquantity() in C:\Users\raees\source\repos\SQABootCampFinalProject\PageObjectModel\PlaceOrder\CommonClass.cs:line 78
   at SQABootCampFinalProject.PageObjectModel.AddToCart.AddToCartTestCases.Addtocart_Without_Size_color_and_Quantity() in C:\Users\raees\source\repos\SQABootCampFinalProject\PageObjectModel\AddToCart\AddToCartTestCases.cs:line 66
</td>
                          </tr>
                        </tbody>
                      </table>
                    </td>
                  </tr>
                  <tr class="Test">
                    <th scope="row" class="column1">10/20/2022 9:43:54 AM</th>
                    <td class="failed">FAILED</td>
                    <td class="Function">AddItems_into_Cart_With_InValid_Boundries</td>
                    <td class="Messages">AddItems_into_Cart_With_InValid_Boundries<a style="float:right;" id="ID0AYCAC01CACStacktraceToggle" href="javascript:ShowHide('ID0AYCAC01CACStacktrace','ID0AYCAC01CACStacktraceToggle','Show Stacktrace','Hide Stacktrace');">Show Stacktrace</a><br>Test method SQABootCampFinalProject.PageObjectModel.AddToCart.AddToCartTestCases.AddItems_into_Cart_With_InValid_Boundries threw exception: 
System.InvalidOperationException: Error: NS_ERROR_UNKNOWN_HOST (SessionNotCreated)<br></td>
                    <td class="Message"></td>
                    <td class="Message">17.38 seconds</td>
                  </tr>
                  <tr id="ID0AYCAC01CACStacktrace" class="hiddenRow">
                    <td colspan="6">
                      <div id="exceptionArrow">↳</div>
                      <table>
                        <tbody>
                          <tr class="visibleRow">
                            <td class="ex">    at OpenQA.Selenium.WebDriver.UnpackAndThrowOnError(Response errorResponse, String commandToExecute)
   at OpenQA.Selenium.WebDriver.Execute(String driverCommandToExecute, Dictionary`2 parameters)
   at OpenQA.Selenium.WebDriver.StartSession(ICapabilities desiredCapabilities)
   at OpenQA.Selenium.WebDriver..ctor(ICommandExecutor executor, ICapabilities capabilities)
   at OpenQA.Selenium.Firefox.FirefoxDriver..ctor(FirefoxDriverService service, FirefoxOptions options, TimeSpan commandTimeout)
   at OpenQA.Selenium.Firefox.FirefoxDriver..ctor(FirefoxOptions options)
   at SQABootCampFinalProject.PageObjectModel.BaseClass.CommonMethodClass.SetUpApplication(String Browser) in C:\Users\raees\source\repos\SQABootCampFinalProject\PageObjectModel\BaseClass\BaseClass.cs:line 101
   at SQABootCampFinalProject.PageObjectModel.AddToCart.AddToCartTestCases.AddItems_into_Cart_With_InValid_Boundries() in C:\Users\raees\source\repos\SQABootCampFinalProject\PageObjectModel\AddToCart\AddToCartTestCases.cs:line 47
</td>
                          </tr>
                        </tbody>
                      </table>
                    </td>
                  </tr>
                  <tr class="Test">
                    <th scope="row" class="column1">10/20/2022 9:32:48 AM</th>
                    <td class="failed">FAILED</td>
                    <td class="Function">LoginWithInvalidCredentials (Data Row 0)</td>
                    <td class="Messages">LoginWithInvalidCredentials<a style="float:right;" id="ID0AFEAC0HEACStacktraceToggle" href="javascript:ShowHide('ID0AFEAC0HEACStacktrace','ID0AFEAC0HEACStacktraceToggle','Show Stacktrace','Hide Stacktrace');">Show Stacktrace</a><br>Assert.AreEqual failed. Expected:&lt;Incorrect CAPTCHA&gt;. Actual:&lt;The account sign-in was incorrect or your account is disabled temporarily. Please wait and try again later.&gt;. <br></td>
                    <td class="Message"></td>
                    <td class="Message">40.67 seconds</td>
                  </tr>
                  <tr id="ID0AFEAC0HEACStacktrace" class="hiddenRow">
                    <td colspan="6">
                      <div id="exceptionArrow">↳</div>
                      <table>
                        <tbody>
                          <tr class="visibleRow">
                            <td class="ex">   at SQABootCampFinalProject.PageObjectModel.BaseClass.CommonMethodClass.GetElementText_And_Verify_Visibilit(String elementtext, By path) in C:\Users\raees\source\repos\SQABootCampFinalProject\PageObjectModel\BaseClass\BaseClass.cs:line 363
   at SQABootCampFinalProject.PageObjectModel.LogInPage.LogIn.Verify_Error_Message_Showing_With_Invalid_credentials() in C:\Users\raees\source\repos\SQABootCampFinalProject\PageObjectModel\LogInPage\LogInPage.cs:line 90
   at SQABootCampFinalProject.PageObjectModel.LogInPage.LogIn.LogIn_Invalid(String username, String password) in C:\Users\raees\source\repos\SQABootCampFinalProject\PageObjectModel\LogInPage\LogInPage.cs:line 118
   at SQABootCampFinalProject.PageObjectModel.LogInPage.LoginPageTestCase.LoginWithInvalidCredentials() in C:\Users\raees\source\repos\SQABootCampFinalProject\PageObjectModel\LogInPage\LogInPageTestCase.cs:line 55
</td>
                          </tr>
                        </tbody>
                      </table>
                    </td>
                  </tr>
                  <tr class="Test">
                    <th scope="row" class="column1">10/20/2022 9:28:43 AM</th>
                    <td class="failed">FAILED</td>
                    <td class="Function">Subscription_With_InValid_Email_HomePage (Data Row 0)</td>
                    <td class="Messages">Subscription_With_InValid_Email_HomePage<a style="float:right;" id="ID0ASFAC0UFACStacktraceToggle" href="javascript:ShowHide('ID0ASFAC0UFACStacktrace','ID0ASFAC0UFACStacktraceToggle','Show Stacktrace','Hide Stacktrace');">Show Stacktrace</a><br>Test method SQABOOTCAUMP01_FINAL_PROJECT_Umar_Khursheed_.PageObjectModel.SubScriptionPage.SubscriptionPageTestCase.Subscription_With_InValid_Email_HomePage threw exception: 
OpenQA.Selenium.WebDriverTimeoutException: Timed out after 60 seconds ---&gt; OpenQA.Selenium.NoSuchElementException: no such element: Unable to locate element: {"method":"xpath","selector":"/html/body/div[2]/footer/div/div[1]/div[2]/form/div[1]/div/label/div"}
  (Session info: MicrosoftEdge=106.0.1370.34)<br></td>
                    <td class="Message"></td>
                    <td class="Message">3.66 minutes</td>
                  </tr>
                  <tr id="ID0ASFAC0UFACStacktrace" class="hiddenRow">
                    <td colspan="6">
                      <div id="exceptionArrow">↳</div>
                      <table>
                        <tbody>
                          <tr class="visibleRow">
                            <td class="ex">    at OpenQA.Selenium.WebDriver.UnpackAndThrowOnError(Response errorResponse, String commandToExecute)
   at OpenQA.Selenium.WebDriver.Execute(String driverCommandToExecute, Dictionary`2 parameters)
   at OpenQA.Selenium.WebDriver.FindElement(String mechanism, String value)
   at OpenQA.Selenium.By.&lt;.ctor&gt;b__11_0(ISearchContext context)
   at OpenQA.Selenium.By.FindElement(ISearchContext context)
   at OpenQA.Selenium.WebDriver.FindElement(By by)
   at SQABootCampFinalProject.PageObjectModel.BaseClass.CommonMethodClass.IsElementVisible(By by) in C:\Users\raees\source\repos\SQABootCampFinalProject\PageObjectModel\BaseClass\BaseClass.cs:line 451
   at SQABootCampFinalProject.PageObjectModel.BaseClass.CommonMethodClass.&lt;&gt;c__DisplayClass53_0.&lt;WaitforElement&gt;b__0(IWebDriver driver) in C:\Users\raees\source\repos\SQABootCampFinalProject\PageObjectModel\BaseClass\BaseClass.cs:line 489
   at OpenQA.Selenium.Support.UI.DefaultWait`1.Until[TResult](Func`2 condition, CancellationToken token)
--- End of inner exception stack trace ---
    at OpenQA.Selenium.Support.UI.DefaultWait`1.ThrowTimeoutException(String exceptionMessage, Exception lastException)
   at OpenQA.Selenium.Support.UI.DefaultWait`1.Until[TResult](Func`2 condition, CancellationToken token)
   at OpenQA.Selenium.Support.UI.DefaultWait`1.Until[TResult](Func`2 condition)
   at SQABootCampFinalProject.PageObjectModel.BaseClass.CommonMethodClass.WaitforElement(By by, Int32 timeToReadyElement) in C:\Users\raees\source\repos\SQABootCampFinalProject\PageObjectModel\BaseClass\BaseClass.cs:line 489
   at SQABootCampFinalProject.PageObjectModel.BaseClass.CommonMethodClass.GetElementText_And_Verify_Visibilit(String elementtext, By path) in C:\Users\raees\source\repos\SQABootCampFinalProject\PageObjectModel\BaseClass\BaseClass.cs:line 362
   at SQABOOTCAUMP01_FINAL_PROJECT_Umar_Khursheed_.PageObjectModel.HomePage.Subscriptionpage.Subscription2(String email) in C:\Users\raees\source\repos\SQABootCampFinalProject\PageObjectModel\SubScriptionPage\Subscriptionpage.cs:line 52
   at SQABOOTCAUMP01_FINAL_PROJECT_Umar_Khursheed_.PageObjectModel.SubScriptionPage.SubscriptionPageTestCase.Subscription_With_InValid_Email_HomePage() in C:\Users\raees\source\repos\SQABootCampFinalProject\PageObjectModel\SubScriptionPage\SubscriptionPageTestCase.cs:line 41
</td>
                          </tr>
                        </tbody>
                      </table>
                    </td>
                  </tr>
                  <tr class="Test">
                    <th scope="row" class="column1">10/20/2022 9:50:18 AM</th>
                    <td class="failed">FAILED</td>
                    <td class="Function">Addtocart_With_Invalid_Quantity</td>
                    <td class="Messages">Addtocart_With_Invalid_Quantity<a style="float:right;" id="ID0AMGAC0OGACStacktraceToggle" href="javascript:ShowHide('ID0AMGAC0OGACStacktrace','ID0AMGAC0OGACStacktraceToggle','Show Stacktrace','Hide Stacktrace');">Show Stacktrace</a><br>Test method SQABootCampFinalProject.PageObjectModel.AddToCart.AddToCartTestCases.Addtocart_With_Invalid_Quantity threw exception: 
System.InvalidOperationException: Error: NS_ERROR_UNKNOWN_HOST (SessionNotCreated)<br></td>
                    <td class="Message"></td>
                    <td class="Message">25.09 seconds</td>
                  </tr>
                  <tr id="ID0AMGAC0OGACStacktrace" class="hiddenRow">
                    <td colspan="6">
                      <div id="exceptionArrow">↳</div>
                      <table>
                        <tbody>
                          <tr class="visibleRow">
                            <td class="ex">    at OpenQA.Selenium.WebDriver.UnpackAndThrowOnError(Response errorResponse, String commandToExecute)
   at OpenQA.Selenium.WebDriver.Execute(String driverCommandToExecute, Dictionary`2 parameters)
   at OpenQA.Selenium.WebDriver.StartSession(ICapabilities desiredCapabilities)
   at OpenQA.Selenium.WebDriver..ctor(ICommandExecutor executor, ICapabilities capabilities)
   at OpenQA.Selenium.Firefox.FirefoxDriver..ctor(FirefoxDriverService service, FirefoxOptions options, TimeSpan commandTimeout)
   at OpenQA.Selenium.Firefox.FirefoxDriver..ctor(FirefoxOptions options)
   at SQABootCampFinalProject.PageObjectModel.BaseClass.CommonMethodClass.SetUpApplication(String Browser) in C:\Users\raees\source\repos\SQABootCampFinalProject\PageObjectModel\BaseClass\BaseClass.cs:line 101
   at SQABootCampFinalProject.PageObjectModel.AddToCart.AddToCartTestCases.Addtocart_With_Invalid_Quantity() in C:\Users\raees\source\repos\SQABootCampFinalProject\PageObjectModel\AddToCart\AddToCartTestCases.cs:line 98
</td>
                          </tr>
                        </tbody>
                      </table>
                    </td>
                  </tr>
                  <tr class="Test">
                    <th scope="row" class="column1">10/20/2022 9:38:23 AM</th>
                    <td class="failed">FAILED</td>
                    <td class="Function">AddItems_into_Cart_With_Valid_Boundries</td>
                    <td class="Messages">AddItems_into_Cart_With_Valid_Boundries<a style="float:right;" id="ID0AGHAC0IHACStacktraceToggle" href="javascript:ShowHide('ID0AGHAC0IHACStacktrace','ID0AGHAC0IHACStacktraceToggle','Show Stacktrace','Hide Stacktrace');">Show Stacktrace</a><br>Test method SQABootCampFinalProject.PageObjectModel.AddToCart.AddToCartTestCases.AddItems_into_Cart_With_Valid_Boundries threw exception: 
OpenQA.Selenium.WebDriverTimeoutException: Timed out after 60 seconds ---&gt; OpenQA.Selenium.NoSuchElementException: no such element: Unable to locate element: {"method":"xpath","selector":"/html/body/div[2]/main/div[1]/div[2]/div/div/div"}
  (Session info: MicrosoftEdge=106.0.1370.34)<br></td>
                    <td class="Message"></td>
                    <td class="Message">5.52 minutes</td>
                  </tr>
                  <tr id="ID0AGHAC0IHACStacktrace" class="hiddenRow">
                    <td colspan="6">
                      <div id="exceptionArrow">↳</div>
                      <table>
                        <tbody>
                          <tr class="visibleRow">
                            <td class="ex">    at OpenQA.Selenium.WebDriver.UnpackAndThrowOnError(Response errorResponse, String commandToExecute)
   at OpenQA.Selenium.WebDriver.Execute(String driverCommandToExecute, Dictionary`2 parameters)
   at OpenQA.Selenium.WebDriver.FindElement(String mechanism, String value)
   at OpenQA.Selenium.By.&lt;.ctor&gt;b__11_0(ISearchContext context)
   at OpenQA.Selenium.By.FindElement(ISearchContext context)
   at OpenQA.Selenium.WebDriver.FindElement(By by)
   at SQABootCampFinalProject.PageObjectModel.BaseClass.CommonMethodClass.IsElementVisible(By by) in C:\Users\raees\source\repos\SQABootCampFinalProject\PageObjectModel\BaseClass\BaseClass.cs:line 451
   at SQABootCampFinalProject.PageObjectModel.BaseClass.CommonMethodClass.&lt;&gt;c__DisplayClass53_0.&lt;WaitforElement&gt;b__0(IWebDriver driver) in C:\Users\raees\source\repos\SQABootCampFinalProject\PageObjectModel\BaseClass\BaseClass.cs:line 489
   at OpenQA.Selenium.Support.UI.DefaultWait`1.Until[TResult](Func`2 condition, CancellationToken token)
--- End of inner exception stack trace ---
    at OpenQA.Selenium.Support.UI.DefaultWait`1.ThrowTimeoutException(String exceptionMessage, Exception lastException)
   at OpenQA.Selenium.Support.UI.DefaultWait`1.Until[TResult](Func`2 condition, CancellationToken token)
   at OpenQA.Selenium.Support.UI.DefaultWait`1.Until[TResult](Func`2 condition)
   at SQABootCampFinalProject.PageObjectModel.BaseClass.CommonMethodClass.WaitforElement(By by, Int32 timeToReadyElement) in C:\Users\raees\source\repos\SQABootCampFinalProject\PageObjectModel\BaseClass\BaseClass.cs:line 489
   at SQABootCampFinalProject.PageObjectModel.BaseClass.CommonMethodClass.GetElementText_And_Verify_Visibilit(String elementtext, By path) in C:\Users\raees\source\repos\SQABootCampFinalProject\PageObjectModel\BaseClass\BaseClass.cs:line 362
   at SQABootCampFinalProject.PageObjectModel.AddToCart.AddPhoebeZipperIntoCart.Is_visible_Phoebe_Added_IntoCart() in C:\Users\raees\source\repos\SQABootCampFinalProject\PageObjectModel\AddToCart\AddPhoebeZipperItemIntoCart.cs:line 35
   at SQABootCampFinalProject.PageObjectModel.AddToCart.AddPhoebeZipperIntoCart.AddToCart_Phoebe_With_valid_Boundry() in C:\Users\raees\source\repos\SQABootCampFinalProject\PageObjectModel\AddToCart\AddPhoebeZipperItemIntoCart.cs:line 129
   at SQABOOTCAUMP01_FINAL_PROJECT_Umar_Khursheed_.PageObjectModel.Home.CommonClass.Add_Valid_Boundries() in C:\Users\raees\source\repos\SQABootCampFinalProject\PageObjectModel\PlaceOrder\CommonClass.cs:line 67
   at SQABootCampFinalProject.PageObjectModel.AddToCart.AddToCartTestCases.AddItems_into_Cart_With_Valid_Boundries() in C:\Users\raees\source\repos\SQABootCampFinalProject\PageObjectModel\AddToCart\AddToCartTestCases.cs:line 41
</td>
                          </tr>
                        </tbody>
                      </table>
                    </td>
                  </tr>
                </tbody>
              </table>
            </td>
          </tr>
        </tbody>
      </table>
      <table id="ReportsTable">
        <caption>All Tests Group By Classes</caption>
        <thead>
          <tr class="odd">
            <th scope="col">Time</th>
            <th scope="col" abbr="Status">Status</th>
            <th scope="col" abbr="Test">
                  Classes <div class="NumberTag">7</div>
            </th>
            <th scope="col" abbr="Message">Message</th>
            <th scope="col" abbr="Exception">More</th>
          </tr>
        </thead>
        <tbody>
          <tr>
            <th scope="row" class="column1">7/21/2014 10:56:45 PM</th>
            <td class="PackageStatus"><canvas id="ID0A5IAC0BJACcanvas" width="100" height="25"></canvas></td>
            <td class="Function">SQABOOTCAUMP01_FINAL_PROJECT.SignUpClassTestCases</td>
            <td class="Message" name="ID0A5IAC0BJACId">4 Tests</td>
            <td class="ex">
              <div class="OpenMoreButton" onclick="ShowHide('ID0A5IAC0BJACTestsContainer','ID0A5IAC0BJACButton','Show Tests','Hide Tests');">
                <div class="MoreButtonText" id="ID0A5IAC0BJACButton">Show Tests</div>
              </div>
            </td>
          </tr>
          <tr id="ID0A5IAC0BJACTestsContainer" class="hiddenRow">
            <td colspan="5">
              <div id="exceptionArrow">↳</div>
              <table>
                <thead>
                  <tr class="odd">
                    <th scope="col" class="TestsTable">Time</th>
                    <th scope="col" class="TestsTable" abbr="Status">Status</th>
                    <th scope="col" class="TestsTable" abbr="Test">Test</th>
                    <th scope="col" class="TestsTable" abbr="Message">Message</th>
                    <th scope="col" class="TestsTable" abbr="Message">Owner</th>
                    <th scope="col" class="TestsTable" abbr="Exception">Duration</th>
                  </tr>
                </thead>
                <tbody>
                  <tr class="Test">
                    <th scope="row" class="column1">10/20/2022 9:12:38 AM</th>
                    <td class="passed">PASSED</td>
                    <td class="Function">Verify_SignUp_with_invalid_credentials (Data Row 0)</td>
                    <td class="Messages">Verify_SignUp_with_invalid_credentials<br></td>
                    <td class="Message"></td>
                    <td class="Message">1.09 minutes</td>
                  </tr>
                  <tr id="ID0AWIAC0ZIACStacktrace" class="hiddenRow">
                    <td colspan="6">
                      <div id="exceptionArrow">↳</div>
                      <table>
                        <tbody>
                          <tr class="visibleRow">
                            <td class="ex">
                            </td>
                          </tr>
                        </tbody>
                      </table>
                    </td>
                  </tr>
                  <tr class="Test">
                    <th scope="row" class="column1">10/20/2022 9:13:45 AM</th>
                    <td class="passed">PASSED</td>
                    <td class="Function">Verify_Sign_up_with_Existing_User (Data Row 0)</td>
                    <td class="Messages">Verify_Sign_up_with_Existing_User<br></td>
                    <td class="Message"></td>
                    <td class="Message">46.15 seconds</td>
                  </tr>
                  <tr id="ID0ADKAC0GKACStacktrace" class="hiddenRow">
                    <td colspan="6">
                      <div id="exceptionArrow">↳</div>
                      <table>
                        <tbody>
                          <tr class="visibleRow">
                            <td class="ex">
                            </td>
                          </tr>
                        </tbody>
                      </table>
                    </td>
                  </tr>
                  <tr class="Test">
                    <th scope="row" class="column1">10/20/2022 9:14:31 AM</th>
                    <td class="passed">PASSED</td>
                    <td class="Function">Verify_Sign_up_new_user_with_valid_Credentials (Data Row 0)</td>
                    <td class="Messages">Verify_Sign_up_new_user_with_valid_Credentials<br></td>
                    <td class="Message"></td>
                    <td class="Message">58.64 seconds</td>
                  </tr>
                  <tr id="ID0AXPAC01PACStacktrace" class="hiddenRow">
                    <td colspan="6">
                      <div id="exceptionArrow">↳</div>
                      <table>
                        <tbody>
                          <tr class="visibleRow">
                            <td class="ex">
                            </td>
                          </tr>
                        </tbody>
                      </table>
                    </td>
                  </tr>
                  <tr class="Test">
                    <th scope="row" class="column1">10/20/2022 9:15:29 AM</th>
                    <td class="passed">PASSED</td>
                    <td class="Function">Verify_Click_Sign_Up_button_WithOut_Enter_AnyData</td>
                    <td class="Messages">Verify_Click_Sign_Up_button_WithOut_Enter_AnyData<br></td>
                    <td class="Message"></td>
                    <td class="Message">35.15 seconds</td>
                  </tr>
                  <tr id="ID0A3AAE06AAEStacktrace" class="hiddenRow">
                    <td colspan="6">
                      <div id="exceptionArrow">↳</div>
                      <table>
                        <tbody>
                          <tr class="visibleRow">
                            <td class="ex">
                            </td>
                          </tr>
                        </tbody>
                      </table>
                    </td>
                  </tr>
                </tbody>
              </table>
            </td>
          </tr><script>
                  CalculateTestsStatuses('ID0A5IAC0BJACTestsContainer','ID0A5IAC0BJACcanvas');
                </script><tr>
            <th scope="row" class="column1">7/21/2014 10:56:45 PM</th>
            <td class="PackageStatus"><canvas id="ID0ANJAC0QJACcanvas" width="100" height="25"></canvas></td>
            <td class="Function">SQABootCampFinalProject.PageObjectModel.ContactUs.ContactUsTestCase</td>
            <td class="Message" name="ID0ANJAC0QJACId">2 Tests</td>
            <td class="ex">
              <div class="OpenMoreButton" onclick="ShowHide('ID0ANJAC0QJACTestsContainer','ID0ANJAC0QJACButton','Show Tests','Hide Tests');">
                <div class="MoreButtonText" id="ID0ANJAC0QJACButton">Show Tests</div>
              </div>
            </td>
          </tr>
          <tr id="ID0ANJAC0QJACTestsContainer" class="hiddenRow">
            <td colspan="5">
              <div id="exceptionArrow">↳</div>
              <table>
                <thead>
                  <tr class="odd">
                    <th scope="col" class="TestsTable">Time</th>
                    <th scope="col" class="TestsTable" abbr="Status">Status</th>
                    <th scope="col" class="TestsTable" abbr="Test">Test</th>
                    <th scope="col" class="TestsTable" abbr="Message">Message</th>
                    <th scope="col" class="TestsTable" abbr="Message">Owner</th>
                    <th scope="col" class="TestsTable" abbr="Exception">Duration</th>
                  </tr>
                </thead>
                <tbody>
                  <tr class="Test">
                    <th scope="row" class="column1">10/20/2022 9:35:02 AM</th>
                    <td class="passed">PASSED</td>
                    <td class="Function">Verfy_Contact_Us_Form_By_Fill_All_MandatoryFields (Data Row 0)</td>
                    <td class="Messages">Verfy_Contact_Us_Form_By_Fill_All_MandatoryFields<br></td>
                    <td class="Message"></td>
                    <td class="Message">1.16 minutes</td>
                  </tr>
                  <tr id="ID0AFJAC0IJACStacktrace" class="hiddenRow">
                    <td colspan="6">
                      <div id="exceptionArrow">↳</div>
                      <table>
                        <tbody>
                          <tr class="visibleRow">
                            <td class="ex">
                            </td>
                          </tr>
                        </tbody>
                      </table>
                    </td>
                  </tr>
                  <tr class="Test">
                    <th scope="row" class="column1">10/20/2022 9:36:11 AM</th>
                    <td class="failed">FAILED</td>
                    <td class="Function">Verfy_Contact_Us_Form_By_Empty_All_MandatoryFields (Data Row 0)</td>
                    <td class="Messages">Verfy_Contact_Us_Form_By_Empty_All_MandatoryFields<a style="float:right;" id="ID0ABLAC0ELACStacktraceToggle" href="javascript:ShowHide('ID0ABLAC0ELACStacktrace','ID0ABLAC0ELACStacktraceToggle','Show Stacktrace','Hide Stacktrace');">Show Stacktrace</a><br>Test method SQABootCampFinalProject.PageObjectModel.ContactUs.ContactUsTestCase.Verfy_Contact_Us_Form_By_Empty_All_MandatoryFields threw exception: 
OpenQA.Selenium.InvalidSelectorException: Given css selector expression "frame#222202192597454,iframe#222202192597454" is invalid: SyntaxError: Document.querySelectorAll: 'frame#222202192597454,iframe#222202192597454' is not a valid selector<br></td>
                    <td class="Message"></td>
                    <td class="Message">24.92 seconds</td>
                  </tr>
                  <tr id="ID0ABLAC0ELACStacktrace" class="hiddenRow">
                    <td colspan="6">
                      <div id="exceptionArrow">↳</div>
                      <table>
                        <tbody>
                          <tr class="visibleRow">
                            <td class="ex">    at OpenQA.Selenium.WebDriver.UnpackAndThrowOnError(Response errorResponse, String commandToExecute)
   at OpenQA.Selenium.WebDriver.Execute(String driverCommandToExecute, Dictionary`2 parameters)
   at OpenQA.Selenium.WebDriver.FindElements(String mechanism, String value)
   at OpenQA.Selenium.By.&lt;.ctor&gt;b__11_1(ISearchContext context)
   at OpenQA.Selenium.By.FindElements(ISearchContext context)
   at OpenQA.Selenium.WebDriver.FindElements(By by)
   at OpenQA.Selenium.TargetLocator.Frame(String frameName)
   at SQABootCampFinalProject.PageObjectModel.ContactUs.ContactUsClass.Contact_Us(String Name, String Email, String Contactno, String Message) in C:\Users\raees\source\repos\SQABootCampFinalProject\PageObjectModel\ContactUs\ContactUsClass.cs:line 35
   at SQABootCampFinalProject.PageObjectModel.ContactUs.ContactUsTestCase.Verfy_Contact_Us_Form_By_Empty_All_MandatoryFields() in C:\Users\raees\source\repos\SQABootCampFinalProject\PageObjectModel\ContactUs\ContactUsTestCase.cs:line 46
</td>
                          </tr>
                        </tbody>
                      </table>
                    </td>
                  </tr>
                </tbody>
              </table>
            </td>
          </tr><script>
                  CalculateTestsStatuses('ID0ANJAC0QJACTestsContainer','ID0ANJAC0QJACcanvas');
                </script><tr>
            <th scope="row" class="column1">7/21/2014 10:56:45 PM</th>
            <td class="PackageStatus"><canvas id="ID0A3JAC06JACcanvas" width="100" height="25"></canvas></td>
            <td class="Function">SQABOOTCAUMP01_FINAL_PROJECT_Umar_Khursheed_.NewFolder1.PlaceOrderTestCase</td>
            <td class="Message" name="ID0A3JAC06JACId">3 Tests</td>
            <td class="ex">
              <div class="OpenMoreButton" onclick="ShowHide('ID0A3JAC06JACTestsContainer','ID0A3JAC06JACButton','Show Tests','Hide Tests');">
                <div class="MoreButtonText" id="ID0A3JAC06JACButton">Show Tests</div>
              </div>
            </td>
          </tr>
          <tr id="ID0A3JAC06JACTestsContainer" class="hiddenRow">
            <td colspan="5">
              <div id="exceptionArrow">↳</div>
              <table>
                <thead>
                  <tr class="odd">
                    <th scope="col" class="TestsTable">Time</th>
                    <th scope="col" class="TestsTable" abbr="Status">Status</th>
                    <th scope="col" class="TestsTable" abbr="Test">Test</th>
                    <th scope="col" class="TestsTable" abbr="Message">Message</th>
                    <th scope="col" class="TestsTable" abbr="Message">Owner</th>
                    <th scope="col" class="TestsTable" abbr="Exception">Duration</th>
                  </tr>
                </thead>
                <tbody>
                  <tr class="Test">
                    <th scope="row" class="column1">10/20/2022 9:27:04 AM</th>
                    <td class="failed">FAILED</td>
                    <td class="Function">PlaceOrder_Register_Before_Checkout (Data Row 0)</td>
                    <td class="Messages">PlaceOrder_Register_Before_Checkout<a style="float:right;" id="ID0AUJAC0XJACStacktraceToggle" href="javascript:ShowHide('ID0AUJAC0XJACStacktrace','ID0AUJAC0XJACStacktraceToggle','Show Stacktrace','Hide Stacktrace');">Show Stacktrace</a><br>Test method SQABOOTCAUMP01_FINAL_PROJECT_Umar_Khursheed_.NewFolder1.PlaceOrderTestCase.PlaceOrder_Register_Before_Checkout threw exception: 
OpenQA.Selenium.ElementNotInteractableException: Element &lt;select id="AJQ3IC1" class="select" name="country_id"&gt; could not be scrolled into view<br></td>
                    <td class="Message"></td>
                    <td class="Message">1.24 minutes</td>
                  </tr>
                  <tr id="ID0AUJAC0XJACStacktrace" class="hiddenRow">
                    <td colspan="6">
                      <div id="exceptionArrow">↳</div>
                      <table>
                        <tbody>
                          <tr class="visibleRow">
                            <td class="ex">    at OpenQA.Selenium.WebDriver.UnpackAndThrowOnError(Response errorResponse, String commandToExecute)
   at OpenQA.Selenium.WebDriver.Execute(String driverCommandToExecute, Dictionary`2 parameters)
   at OpenQA.Selenium.WebDriver.InternalExecute(String driverCommandToExecute, Dictionary`2 parameters)
   at OpenQA.Selenium.WebElement.Execute(String commandToExecute, Dictionary`2 parameters)
   at OpenQA.Selenium.WebElement.Click()
   at SQABootCampFinalProject.PageObjectModel.BaseClass.CommonMethodClass.MultipleItems_From_Drop_Down(By path) in C:\Users\raees\source\repos\SQABootCampFinalProject\PageObjectModel\BaseClass\BaseClass.cs:line 191
   at SQABOOTCAUMP01_FINAL_PROJECT_Umar_Khursheed_.PageObjectModel.Home.ShoppingCart.Select_Drop_Down() in C:\Users\raees\source\repos\SQABootCampFinalProject\PageObjectModel\PlaceOrder\ShoppingCart.cs:line 48
   at SQABOOTCAUMP01_FINAL_PROJECT_Umar_Khursheed_.PageObjectModel.Home.ShoppingCart.Shopping_Cart_Stark_Fundamental_Hoodie() in C:\Users\raees\source\repos\SQABootCampFinalProject\PageObjectModel\PlaceOrder\ShoppingCart.cs:line 98
   at SQABOOTCAUMP01_FINAL_PROJECT_Umar_Khursheed_.PageObjectModel.Home.CommonClass.PlaceOrder3(String fname, String lname, String email, String pass, String confirmpass) in C:\Users\raees\source\repos\SQABootCampFinalProject\PageObjectModel\PlaceOrder\CommonClass.cs:line 51
   at SQABOOTCAUMP01_FINAL_PROJECT_Umar_Khursheed_.NewFolder1.PlaceOrderTestCase.PlaceOrder_Register_Before_Checkout() in C:\Users\raees\source\repos\SQABootCampFinalProject\PageObjectModel\PlaceOrder\PlaceOrderTestCase.cs:line 74
</td>
                          </tr>
                        </tbody>
                      </table>
                    </td>
                  </tr>
                  <tr class="Test">
                    <th scope="row" class="column1">10/20/2022 9:24:39 AM</th>
                    <td class="passed">PASSED</td>
                    <td class="Function">PlaceOrder_Register_While_Add_Item_Ito_Wishlist (Data Row 0)</td>
                    <td class="Messages">PlaceOrder_Register_While_Add_Item_Ito_Wishlist<br></td>
                    <td class="Message"></td>
                    <td class="Message">2.42 minutes</td>
                  </tr>
                  <tr id="ID0A3DAE06DAEStacktrace" class="hiddenRow">
                    <td colspan="6">
                      <div id="exceptionArrow">↳</div>
                      <table>
                        <tbody>
                          <tr class="visibleRow">
                            <td class="ex">
                            </td>
                          </tr>
                        </tbody>
                      </table>
                    </td>
                  </tr>
                  <tr class="Test">
                    <th scope="row" class="column1">10/20/2022 9:20:26 AM</th>
                    <td class="failed">FAILED</td>
                    <td class="Function">PlaceOrder_SignIn_While_CheckOut</td>
                    <td class="Messages">PlaceOrder_SignIn_While_CheckOut<a style="float:right;" id="ID0ALEAE0OEAEStacktraceToggle" href="javascript:ShowHide('ID0ALEAE0OEAEStacktrace','ID0ALEAE0OEAEStacktraceToggle','Show Stacktrace','Hide Stacktrace');">Show Stacktrace</a><br>Test method SQABOOTCAUMP01_FINAL_PROJECT_Umar_Khursheed_.NewFolder1.PlaceOrderTestCase.PlaceOrder_SignIn_While_CheckOut threw exception: 
OpenQA.Selenium.WebDriverException: An unknown exception was encountered sending an HTTP request to the remote WebDriver server for URL http://localhost:63462/session/7272e8e9f3bdcd4d70a9c0688fc1c9c4/execute/sync. The exception message was: An error occurred while sending the request. ---&gt; System.Net.Http.HttpRequestException: An error occurred while sending the request. ---&gt; System.Net.WebException: Unable to connect to the remote server ---&gt; System.Net.Sockets.SocketException: No connection could be made because the target machine actively refused it 127.0.0.1:63462<br></td>
                    <td class="Message"></td>
                    <td class="Message">4.21 minutes</td>
                  </tr>
                  <tr id="ID0ALEAE0OEAEStacktrace" class="hiddenRow">
                    <td colspan="6">
                      <div id="exceptionArrow">↳</div>
                      <table>
                        <tbody>
                          <tr class="visibleRow">
                            <td class="ex">    at System.Net.Sockets.Socket.InternalEndConnect(IAsyncResult asyncResult)
   at System.Net.Sockets.Socket.EndConnect(IAsyncResult asyncResult)
   at System.Net.ServicePoint.ConnectSocketInternal(Boolean connectFailure, Socket s4, Socket s6, Socket&amp; socket, IPAddress&amp; address, ConnectSocketState state, IAsyncResult asyncResult, Exception&amp; exception)
--- End of inner exception stack trace ---
    at System.Net.HttpWebRequest.EndGetRequestStream(IAsyncResult asyncResult, TransportContext&amp; context)
   at System.Net.Http.HttpClientHandler.GetRequestStreamCallback(IAsyncResult ar)
--- End of inner exception stack trace ---
    at System.Runtime.ExceptionServices.ExceptionDispatchInfo.Throw()
   at System.Runtime.CompilerServices.TaskAwaiter.HandleNonSuccessAndDebuggerNotification(Task task)
   at System.Runtime.CompilerServices.TaskAwaiter`1.GetResult()
   at OpenQA.Selenium.Remote.HttpCommandExecutor.&lt;MakeHttpRequest&gt;d__35.MoveNext()
--- End of stack trace from previous location where exception was thrown ---
   at System.Runtime.ExceptionServices.ExceptionDispatchInfo.Throw()
   at System.Runtime.CompilerServices.TaskAwaiter.HandleNonSuccessAndDebuggerNotification(Task task)
   at System.Runtime.CompilerServices.TaskAwaiter`1.GetResult()
   at OpenQA.Selenium.Remote.HttpCommandExecutor.Execute(Command commandToExecute)
--- End of inner exception stack trace ---
    at OpenQA.Selenium.Remote.HttpCommandExecutor.Execute(Command commandToExecute)
   at OpenQA.Selenium.Remote.DriverServiceCommandExecutor.Execute(Command commandToExecute)
   at OpenQA.Selenium.WebDriver.Execute(String driverCommandToExecute, Dictionary`2 parameters)
   at OpenQA.Selenium.WebDriver.ExecuteScriptCommand(String script, String commandName, Object[] args)
   at OpenQA.Selenium.WebDriver.ExecuteScript(String script, Object[] args)
   at SQABootCampFinalProject.PageObjectModel.BaseClass.CommonMethodClass.IsPageReady(IWebDriver driver) in C:\Users\raees\source\repos\SQABootCampFinalProject\PageObjectModel\BaseClass\BaseClass.cs:line 444
   at SQABootCampFinalProject.PageObjectModel.BaseClass.CommonMethodClass.&lt;&gt;c__DisplayClass53_0.&lt;WaitforElement&gt;b__0(IWebDriver driver) in C:\Users\raees\source\repos\SQABootCampFinalProject\PageObjectModel\BaseClass\BaseClass.cs:line 489
   at OpenQA.Selenium.Support.UI.DefaultWait`1.Until[TResult](Func`2 condition, CancellationToken token)
   at OpenQA.Selenium.Support.UI.DefaultWait`1.Until[TResult](Func`2 condition)
   at SQABootCampFinalProject.PageObjectModel.BaseClass.CommonMethodClass.WaitforElement(By by, Int32 timeToReadyElement) in C:\Users\raees\source\repos\SQABootCampFinalProject\PageObjectModel\BaseClass\BaseClass.cs:line 489
   at SQABootCampFinalProject.PageObjectModel.BaseClass.CommonMethodClass.GetElementText_And_Verify_Visibilit(String elementtext, By path) in C:\Users\raees\source\repos\SQABootCampFinalProject\PageObjectModel\BaseClass\BaseClass.cs:line 362
   at SQABOOTCAUMP01_FINAL_PROJECT_Umar_Khursheed_.PageObjectModel.Home.PlaceOrder.Place_Order() in C:\Users\raees\source\repos\SQABootCampFinalProject\PageObjectModel\PlaceOrder\PlaceOrder.cs:line 32
   at SQABOOTCAUMP01_FINAL_PROJECT_Umar_Khursheed_.PageObjectModel.Home.CommonClass.PlaceOrder1() in C:\Users\raees\source\repos\SQABootCampFinalProject\PageObjectModel\PlaceOrder\CommonClass.cs:line 32
   at SQABOOTCAUMP01_FINAL_PROJECT_Umar_Khursheed_.NewFolder1.PlaceOrderTestCase.PlaceOrder_SignIn_While_CheckOut() in C:\Users\raees\source\repos\SQABootCampFinalProject\PageObjectModel\PlaceOrder\PlaceOrderTestCase.cs:line 32
</td>
                          </tr>
                        </tbody>
                      </table>
                    </td>
                  </tr>
                </tbody>
              </table>
            </td>
          </tr><script>
                  CalculateTestsStatuses('ID0A3JAC06JACTestsContainer','ID0A3JAC06JACcanvas');
                </script><tr>
            <th scope="row" class="column1">7/21/2014 10:56:45 PM</th>
            <td class="PackageStatus"><canvas id="ID0A1KAC04KACcanvas" width="100" height="25"></canvas></td>
            <td class="Function">SQABootCampFinalProject.PageObjectModel.AddToCart.AddToCartTestCases</td>
            <td class="Message" name="ID0A1KAC04KACId">7 Tests</td>
            <td class="ex">
              <div class="OpenMoreButton" onclick="ShowHide('ID0A1KAC04KACTestsContainer','ID0A1KAC04KACButton','Show Tests','Hide Tests');">
                <div class="MoreButtonText" id="ID0A1KAC04KACButton">Show Tests</div>
              </div>
            </td>
          </tr>
          <tr id="ID0A1KAC04KACTestsContainer" class="hiddenRow">
            <td colspan="5">
              <div id="exceptionArrow">↳</div>
              <table>
                <thead>
                  <tr class="odd">
                    <th scope="col" class="TestsTable">Time</th>
                    <th scope="col" class="TestsTable" abbr="Status">Status</th>
                    <th scope="col" class="TestsTable" abbr="Test">Test</th>
                    <th scope="col" class="TestsTable" abbr="Message">Message</th>
                    <th scope="col" class="TestsTable" abbr="Message">Owner</th>
                    <th scope="col" class="TestsTable" abbr="Exception">Duration</th>
                  </tr>
                </thead>
                <tbody>
                  <tr class="Test">
                    <th scope="row" class="column1">10/20/2022 9:49:06 AM</th>
                    <td class="passed">PASSED</td>
                    <td class="Function">AddTocart_Without_Quantity</td>
                    <td class="Messages">AddTocart_Without_Quantity<br></td>
                    <td class="Message"></td>
                    <td class="Message">1.19 minutes</td>
                  </tr>
                  <tr id="ID0ASKAC0VKACStacktrace" class="hiddenRow">
                    <td colspan="6">
                      <div id="exceptionArrow">↳</div>
                      <table>
                        <tbody>
                          <tr class="visibleRow">
                            <td class="ex">
                            </td>
                          </tr>
                        </tbody>
                      </table>
                    </td>
                  </tr>
                  <tr class="Test">
                    <th scope="row" class="column1">10/20/2022 9:36:36 AM</th>
                    <td class="passed">PASSED</td>
                    <td class="Function">Add_Item_IntoCart_Update_Delete</td>
                    <td class="Messages">Add_Item_IntoCart_Update_Delete<br></td>
                    <td class="Message"></td>
                    <td class="Message">1.77 minutes</td>
                  </tr>
                  <tr id="ID0AZOAC03OACStacktrace" class="hiddenRow">
                    <td colspan="6">
                      <div id="exceptionArrow">↳</div>
                      <table>
                        <tbody>
                          <tr class="visibleRow">
                            <td class="ex">
                            </td>
                          </tr>
                        </tbody>
                      </table>
                    </td>
                  </tr>
                  <tr class="Test">
                    <th scope="row" class="column1">10/20/2022 9:48:30 AM</th>
                    <td class="passed">PASSED</td>
                    <td class="Function">AddTocart_Without_color_and_Quantity</td>
                    <td class="Messages">AddTocart_Without_color_and_Quantity<br></td>
                    <td class="Message"></td>
                    <td class="Message">36.37 seconds</td>
                  </tr>
                  <tr id="ID0AIPAC0LPACStacktrace" class="hiddenRow">
                    <td colspan="6">
                      <div id="exceptionArrow">↳</div>
                      <table>
                        <tbody>
                          <tr class="visibleRow">
                            <td class="ex">
                            </td>
                          </tr>
                        </tbody>
                      </table>
                    </td>
                  </tr>
                  <tr class="Test">
                    <th scope="row" class="column1">10/20/2022 9:43:54 AM</th>
                    <td class="failed">FAILED</td>
                    <td class="Function">AddItems_into_Cart_With_InValid_Boundries</td>
                    <td class="Messages">AddItems_into_Cart_With_InValid_Boundries<a style="float:right;" id="ID0ALBAE0OBAEStacktraceToggle" href="javascript:ShowHide('ID0ALBAE0OBAEStacktrace','ID0ALBAE0OBAEStacktraceToggle','Show Stacktrace','Hide Stacktrace');">Show Stacktrace</a><br>Test method SQABootCampFinalProject.PageObjectModel.AddToCart.AddToCartTestCases.AddItems_into_Cart_With_InValid_Boundries threw exception: 
System.InvalidOperationException: Error: NS_ERROR_UNKNOWN_HOST (SessionNotCreated)<br></td>
                    <td class="Message"></td>
                    <td class="Message">17.38 seconds</td>
                  </tr>
                  <tr id="ID0ALBAE0OBAEStacktrace" class="hiddenRow">
                    <td colspan="6">
                      <div id="exceptionArrow">↳</div>
                      <table>
                        <tbody>
                          <tr class="visibleRow">
                            <td class="ex">    at OpenQA.Selenium.WebDriver.UnpackAndThrowOnError(Response errorResponse, String commandToExecute)
   at OpenQA.Selenium.WebDriver.Execute(String driverCommandToExecute, Dictionary`2 parameters)
   at OpenQA.Selenium.WebDriver.StartSession(ICapabilities desiredCapabilities)
   at OpenQA.Selenium.WebDriver..ctor(ICommandExecutor executor, ICapabilities capabilities)
   at OpenQA.Selenium.Firefox.FirefoxDriver..ctor(FirefoxDriverService service, FirefoxOptions options, TimeSpan commandTimeout)
   at OpenQA.Selenium.Firefox.FirefoxDriver..ctor(FirefoxOptions options)
   at SQABootCampFinalProject.PageObjectModel.BaseClass.CommonMethodClass.SetUpApplication(String Browser) in C:\Users\raees\source\repos\SQABootCampFinalProject\PageObjectModel\BaseClass\BaseClass.cs:line 101
   at SQABootCampFinalProject.PageObjectModel.AddToCart.AddToCartTestCases.AddItems_into_Cart_With_InValid_Boundries() in C:\Users\raees\source\repos\SQABootCampFinalProject\PageObjectModel\AddToCart\AddToCartTestCases.cs:line 47
</td>
                          </tr>
                        </tbody>
                      </table>
                    </td>
                  </tr>
                  <tr class="Test">
                    <th scope="row" class="column1">10/20/2022 9:38:23 AM</th>
                    <td class="failed">FAILED</td>
                    <td class="Function">AddItems_into_Cart_With_Valid_Boundries</td>
                    <td class="Messages">AddItems_into_Cart_With_Valid_Boundries<a style="float:right;" id="ID0A1BAE04BAEStacktraceToggle" href="javascript:ShowHide('ID0A1BAE04BAEStacktrace','ID0A1BAE04BAEStacktraceToggle','Show Stacktrace','Hide Stacktrace');">Show Stacktrace</a><br>Test method SQABootCampFinalProject.PageObjectModel.AddToCart.AddToCartTestCases.AddItems_into_Cart_With_Valid_Boundries threw exception: 
OpenQA.Selenium.WebDriverTimeoutException: Timed out after 60 seconds ---&gt; OpenQA.Selenium.NoSuchElementException: no such element: Unable to locate element: {"method":"xpath","selector":"/html/body/div[2]/main/div[1]/div[2]/div/div/div"}
  (Session info: MicrosoftEdge=106.0.1370.34)<br></td>
                    <td class="Message"></td>
                    <td class="Message">5.52 minutes</td>
                  </tr>
                  <tr id="ID0A1BAE04BAEStacktrace" class="hiddenRow">
                    <td colspan="6">
                      <div id="exceptionArrow">↳</div>
                      <table>
                        <tbody>
                          <tr class="visibleRow">
                            <td class="ex">    at OpenQA.Selenium.WebDriver.UnpackAndThrowOnError(Response errorResponse, String commandToExecute)
   at OpenQA.Selenium.WebDriver.Execute(String driverCommandToExecute, Dictionary`2 parameters)
   at OpenQA.Selenium.WebDriver.FindElement(String mechanism, String value)
   at OpenQA.Selenium.By.&lt;.ctor&gt;b__11_0(ISearchContext context)
   at OpenQA.Selenium.By.FindElement(ISearchContext context)
   at OpenQA.Selenium.WebDriver.FindElement(By by)
   at SQABootCampFinalProject.PageObjectModel.BaseClass.CommonMethodClass.IsElementVisible(By by) in C:\Users\raees\source\repos\SQABootCampFinalProject\PageObjectModel\BaseClass\BaseClass.cs:line 451
   at SQABootCampFinalProject.PageObjectModel.BaseClass.CommonMethodClass.&lt;&gt;c__DisplayClass53_0.&lt;WaitforElement&gt;b__0(IWebDriver driver) in C:\Users\raees\source\repos\SQABootCampFinalProject\PageObjectModel\BaseClass\BaseClass.cs:line 489
   at OpenQA.Selenium.Support.UI.DefaultWait`1.Until[TResult](Func`2 condition, CancellationToken token)
--- End of inner exception stack trace ---
    at OpenQA.Selenium.Support.UI.DefaultWait`1.ThrowTimeoutException(String exceptionMessage, Exception lastException)
   at OpenQA.Selenium.Support.UI.DefaultWait`1.Until[TResult](Func`2 condition, CancellationToken token)
   at OpenQA.Selenium.Support.UI.DefaultWait`1.Until[TResult](Func`2 condition)
   at SQABootCampFinalProject.PageObjectModel.BaseClass.CommonMethodClass.WaitforElement(By by, Int32 timeToReadyElement) in C:\Users\raees\source\repos\SQABootCampFinalProject\PageObjectModel\BaseClass\BaseClass.cs:line 489
   at SQABootCampFinalProject.PageObjectModel.BaseClass.CommonMethodClass.GetElementText_And_Verify_Visibilit(String elementtext, By path) in C:\Users\raees\source\repos\SQABootCampFinalProject\PageObjectModel\BaseClass\BaseClass.cs:line 362
   at SQABootCampFinalProject.PageObjectModel.AddToCart.AddPhoebeZipperIntoCart.Is_visible_Phoebe_Added_IntoCart() in C:\Users\raees\source\repos\SQABootCampFinalProject\PageObjectModel\AddToCart\AddPhoebeZipperItemIntoCart.cs:line 35
   at SQABootCampFinalProject.PageObjectModel.AddToCart.AddPhoebeZipperIntoCart.AddToCart_Phoebe_With_valid_Boundry() in C:\Users\raees\source\repos\SQABootCampFinalProject\PageObjectModel\AddToCart\AddPhoebeZipperItemIntoCart.cs:line 129
   at SQABOOTCAUMP01_FINAL_PROJECT_Umar_Khursheed_.PageObjectModel.Home.CommonClass.Add_Valid_Boundries() in C:\Users\raees\source\repos\SQABootCampFinalProject\PageObjectModel\PlaceOrder\CommonClass.cs:line 67
   at SQABootCampFinalProject.PageObjectModel.AddToCart.AddToCartTestCases.AddItems_into_Cart_With_Valid_Boundries() in C:\Users\raees\source\repos\SQABootCampFinalProject\PageObjectModel\AddToCart\AddToCartTestCases.cs:line 41
</td>
                          </tr>
                        </tbody>
                      </table>
                    </td>
                  </tr>
                  <tr class="Test">
                    <th scope="row" class="column1">10/20/2022 9:50:18 AM</th>
                    <td class="failed">FAILED</td>
                    <td class="Function">Addtocart_With_Invalid_Quantity</td>
                    <td class="Messages">Addtocart_With_Invalid_Quantity<a style="float:right;" id="ID0AJCAE0MCAEStacktraceToggle" href="javascript:ShowHide('ID0AJCAE0MCAEStacktrace','ID0AJCAE0MCAEStacktraceToggle','Show Stacktrace','Hide Stacktrace');">Show Stacktrace</a><br>Test method SQABootCampFinalProject.PageObjectModel.AddToCart.AddToCartTestCases.Addtocart_With_Invalid_Quantity threw exception: 
System.InvalidOperationException: Error: NS_ERROR_UNKNOWN_HOST (SessionNotCreated)<br></td>
                    <td class="Message"></td>
                    <td class="Message">25.09 seconds</td>
                  </tr>
                  <tr id="ID0AJCAE0MCAEStacktrace" class="hiddenRow">
                    <td colspan="6">
                      <div id="exceptionArrow">↳</div>
                      <table>
                        <tbody>
                          <tr class="visibleRow">
                            <td class="ex">    at OpenQA.Selenium.WebDriver.UnpackAndThrowOnError(Response errorResponse, String commandToExecute)
   at OpenQA.Selenium.WebDriver.Execute(String driverCommandToExecute, Dictionary`2 parameters)
   at OpenQA.Selenium.WebDriver.StartSession(ICapabilities desiredCapabilities)
   at OpenQA.Selenium.WebDriver..ctor(ICommandExecutor executor, ICapabilities capabilities)
   at OpenQA.Selenium.Firefox.FirefoxDriver..ctor(FirefoxDriverService service, FirefoxOptions options, TimeSpan commandTimeout)
   at OpenQA.Selenium.Firefox.FirefoxDriver..ctor(FirefoxOptions options)
   at SQABootCampFinalProject.PageObjectModel.BaseClass.CommonMethodClass.SetUpApplication(String Browser) in C:\Users\raees\source\repos\SQABootCampFinalProject\PageObjectModel\BaseClass\BaseClass.cs:line 101
   at SQABootCampFinalProject.PageObjectModel.AddToCart.AddToCartTestCases.Addtocart_With_Invalid_Quantity() in C:\Users\raees\source\repos\SQABootCampFinalProject\PageObjectModel\AddToCart\AddToCartTestCases.cs:line 98
</td>
                          </tr>
                        </tbody>
                      </table>
                    </td>
                  </tr>
                  <tr class="Test">
                    <th scope="row" class="column1">10/20/2022 9:44:11 AM</th>
                    <td class="failed">FAILED</td>
                    <td class="Function">Addtocart_Without_Size_color_and_Quantity</td>
                    <td class="Messages">Addtocart_Without_Size_color_and_Quantity<a style="float:right;" id="ID0AYCAE02CAEStacktraceToggle" href="javascript:ShowHide('ID0AYCAE02CAEStacktrace','ID0AYCAE02CAEStacktraceToggle','Show Stacktrace','Hide Stacktrace');">Show Stacktrace</a><br>Test method SQABootCampFinalProject.PageObjectModel.AddToCart.AddToCartTestCases.Addtocart_Without_Size_color_and_Quantity threw exception: 
OpenQA.Selenium.WebDriverTimeoutException: Timed out after 60 seconds ---&gt; OpenQA.Selenium.NoSuchElementException: no such element: Unable to locate element: {"method":"css selector","selector":"#super_attribute\[143\]\-error"}
  (Session info: chrome=106.0.5249.119)<br></td>
                    <td class="Message"></td>
                    <td class="Message">4.31 minutes</td>
                  </tr>
                  <tr id="ID0AYCAE02CAEStacktrace" class="hiddenRow">
                    <td colspan="6">
                      <div id="exceptionArrow">↳</div>
                      <table>
                        <tbody>
                          <tr class="visibleRow">
                            <td class="ex">    at OpenQA.Selenium.WebDriver.UnpackAndThrowOnError(Response errorResponse, String commandToExecute)
   at OpenQA.Selenium.WebDriver.Execute(String driverCommandToExecute, Dictionary`2 parameters)
   at OpenQA.Selenium.WebDriver.FindElement(String mechanism, String value)
   at OpenQA.Selenium.By.&lt;.ctor&gt;b__11_0(ISearchContext context)
   at OpenQA.Selenium.By.FindElement(ISearchContext context)
   at OpenQA.Selenium.WebDriver.FindElement(By by)
   at SQABootCampFinalProject.PageObjectModel.BaseClass.CommonMethodClass.IsElementVisible(By by) in C:\Users\raees\source\repos\SQABootCampFinalProject\PageObjectModel\BaseClass\BaseClass.cs:line 451
   at SQABootCampFinalProject.PageObjectModel.BaseClass.CommonMethodClass.&lt;&gt;c__DisplayClass53_0.&lt;WaitforElement&gt;b__0(IWebDriver driver) in C:\Users\raees\source\repos\SQABootCampFinalProject\PageObjectModel\BaseClass\BaseClass.cs:line 489
   at OpenQA.Selenium.Support.UI.DefaultWait`1.Until[TResult](Func`2 condition, CancellationToken token)
--- End of inner exception stack trace ---
    at OpenQA.Selenium.Support.UI.DefaultWait`1.ThrowTimeoutException(String exceptionMessage, Exception lastException)
   at OpenQA.Selenium.Support.UI.DefaultWait`1.Until[TResult](Func`2 condition, CancellationToken token)
   at OpenQA.Selenium.Support.UI.DefaultWait`1.Until[TResult](Func`2 condition)
   at SQABootCampFinalProject.PageObjectModel.BaseClass.CommonMethodClass.WaitforElement(By by, Int32 timeToReadyElement) in C:\Users\raees\source\repos\SQABootCampFinalProject\PageObjectModel\BaseClass\BaseClass.cs:line 489
   at SQABootCampFinalProject.PageObjectModel.BaseClass.CommonMethodClass.GetElementText_And_Verify_Visibilit(String elementtext, By path) in C:\Users\raees\source\repos\SQABootCampFinalProject\PageObjectModel\BaseClass\BaseClass.cs:line 362
   at SQABootCampFinalProject.PageObjectModel.AddToCart.AddPhoebeZipperIntoCart.Verify_Size_Error_Message_Showing() in C:\Users\raees\source\repos\SQABootCampFinalProject\PageObjectModel\AddToCart\AddPhoebeZipperItemIntoCart.cs:line 52
   at SQABootCampFinalProject.PageObjectModel.AddToCart.AddPhoebeZipperIntoCart.AddToCart_phoebe_WithoutSizeColorAndQuantity() in C:\Users\raees\source\repos\SQABootCampFinalProject\PageObjectModel\AddToCart\AddPhoebeZipperItemIntoCart.cs:line 152
   at SQABOOTCAUMP01_FINAL_PROJECT_Umar_Khursheed_.PageObjectModel.Home.CommonClass.Add_Without_SizeColorquantity() in C:\Users\raees\source\repos\SQABootCampFinalProject\PageObjectModel\PlaceOrder\CommonClass.cs:line 78
   at SQABootCampFinalProject.PageObjectModel.AddToCart.AddToCartTestCases.Addtocart_Without_Size_color_and_Quantity() in C:\Users\raees\source\repos\SQABootCampFinalProject\PageObjectModel\AddToCart\AddToCartTestCases.cs:line 66
</td>
                          </tr>
                        </tbody>
                      </table>
                    </td>
                  </tr>
                </tbody>
              </table>
            </td>
          </tr><script>
                  CalculateTestsStatuses('ID0A1KAC04KACTestsContainer','ID0A1KAC04KACcanvas');
                </script><tr>
            <th scope="row" class="column1">7/21/2014 10:56:45 PM</th>
            <td class="PackageStatus"><canvas id="ID0A5LAC0BMACcanvas" width="100" height="25"></canvas></td>
            <td class="Function">SQABootCampFinalProject.PageObjectModel.LogInPage.LoginPageTestCase</td>
            <td class="Message" name="ID0A5LAC0BMACId">3 Tests</td>
            <td class="ex">
              <div class="OpenMoreButton" onclick="ShowHide('ID0A5LAC0BMACTestsContainer','ID0A5LAC0BMACButton','Show Tests','Hide Tests');">
                <div class="MoreButtonText" id="ID0A5LAC0BMACButton">Show Tests</div>
              </div>
            </td>
          </tr>
          <tr id="ID0A5LAC0BMACTestsContainer" class="hiddenRow">
            <td colspan="5">
              <div id="exceptionArrow">↳</div>
              <table>
                <thead>
                  <tr class="odd">
                    <th scope="col" class="TestsTable">Time</th>
                    <th scope="col" class="TestsTable" abbr="Status">Status</th>
                    <th scope="col" class="TestsTable" abbr="Test">Test</th>
                    <th scope="col" class="TestsTable" abbr="Message">Message</th>
                    <th scope="col" class="TestsTable" abbr="Message">Owner</th>
                    <th scope="col" class="TestsTable" abbr="Exception">Duration</th>
                  </tr>
                </thead>
                <tbody>
                  <tr class="Test">
                    <th scope="row" class="column1">10/20/2022 9:33:29 AM</th>
                    <td class="passed">PASSED</td>
                    <td class="Function">Verify_LogOut_Functionality (Data Row 0)</td>
                    <td class="Messages">Verify_LogOut_Functionality<br></td>
                    <td class="Message"></td>
                    <td class="Message">1.41 minutes</td>
                  </tr>
                  <tr id="ID0AQLAC0TLACStacktrace" class="hiddenRow">
                    <td colspan="6">
                      <div id="exceptionArrow">↳</div>
                      <table>
                        <tbody>
                          <tr class="visibleRow">
                            <td class="ex">
                            </td>
                          </tr>
                        </tbody>
                      </table>
                    </td>
                  </tr>
                  <tr class="Test">
                    <th scope="row" class="column1">10/20/2022 9:32:48 AM</th>
                    <td class="failed">FAILED</td>
                    <td class="Function">LoginWithInvalidCredentials (Data Row 0)</td>
                    <td class="Messages">LoginWithInvalidCredentials<a style="float:right;" id="ID0AHAAE0KAAEStacktraceToggle" href="javascript:ShowHide('ID0AHAAE0KAAEStacktrace','ID0AHAAE0KAAEStacktraceToggle','Show Stacktrace','Hide Stacktrace');">Show Stacktrace</a><br>Assert.AreEqual failed. Expected:&lt;Incorrect CAPTCHA&gt;. Actual:&lt;The account sign-in was incorrect or your account is disabled temporarily. Please wait and try again later.&gt;. <br></td>
                    <td class="Message"></td>
                    <td class="Message">40.67 seconds</td>
                  </tr>
                  <tr id="ID0AHAAE0KAAEStacktrace" class="hiddenRow">
                    <td colspan="6">
                      <div id="exceptionArrow">↳</div>
                      <table>
                        <tbody>
                          <tr class="visibleRow">
                            <td class="ex">   at SQABootCampFinalProject.PageObjectModel.BaseClass.CommonMethodClass.GetElementText_And_Verify_Visibilit(String elementtext, By path) in C:\Users\raees\source\repos\SQABootCampFinalProject\PageObjectModel\BaseClass\BaseClass.cs:line 363
   at SQABootCampFinalProject.PageObjectModel.LogInPage.LogIn.Verify_Error_Message_Showing_With_Invalid_credentials() in C:\Users\raees\source\repos\SQABootCampFinalProject\PageObjectModel\LogInPage\LogInPage.cs:line 90
   at SQABootCampFinalProject.PageObjectModel.LogInPage.LogIn.LogIn_Invalid(String username, String password) in C:\Users\raees\source\repos\SQABootCampFinalProject\PageObjectModel\LogInPage\LogInPage.cs:line 118
   at SQABootCampFinalProject.PageObjectModel.LogInPage.LoginPageTestCase.LoginWithInvalidCredentials() in C:\Users\raees\source\repos\SQABootCampFinalProject\PageObjectModel\LogInPage\LogInPageTestCase.cs:line 55
</td>
                          </tr>
                        </tbody>
                      </table>
                    </td>
                  </tr>
                  <tr class="Test">
                    <th scope="row" class="column1">10/20/2022 9:32:22 AM</th>
                    <td class="passed">PASSED</td>
                    <td class="Function">LoginWithValidcredentials (Data Row 0)</td>
                    <td class="Messages">LoginWithValidcredentials<br></td>
                    <td class="Message"></td>
                    <td class="Message">26.16 seconds</td>
                  </tr>
                  <tr id="ID0AHDAE0KDAEStacktrace" class="hiddenRow">
                    <td colspan="6">
                      <div id="exceptionArrow">↳</div>
                      <table>
                        <tbody>
                          <tr class="visibleRow">
                            <td class="ex">
                            </td>
                          </tr>
                        </tbody>
                      </table>
                    </td>
                  </tr>
                </tbody>
              </table>
            </td>
          </tr><script>
                  CalculateTestsStatuses('ID0A5LAC0BMACTestsContainer','ID0A5LAC0BMACcanvas');
                </script><tr>
            <th scope="row" class="column1">7/21/2014 10:56:45 PM</th>
            <td class="PackageStatus"><canvas id="ID0ATMAC0WMACcanvas" width="100" height="25"></canvas></td>
            <td class="Function">SQABOOTCAUMP01_FINAL_PROJECT_Umar_Khursheed_.SearchClassTestCase</td>
            <td class="Message" name="ID0ATMAC0WMACId">2 Tests</td>
            <td class="ex">
              <div class="OpenMoreButton" onclick="ShowHide('ID0ATMAC0WMACTestsContainer','ID0ATMAC0WMACButton','Show Tests','Hide Tests');">
                <div class="MoreButtonText" id="ID0ATMAC0WMACButton">Show Tests</div>
              </div>
            </td>
          </tr>
          <tr id="ID0ATMAC0WMACTestsContainer" class="hiddenRow">
            <td colspan="5">
              <div id="exceptionArrow">↳</div>
              <table>
                <thead>
                  <tr class="odd">
                    <th scope="col" class="TestsTable">Time</th>
                    <th scope="col" class="TestsTable" abbr="Status">Status</th>
                    <th scope="col" class="TestsTable" abbr="Test">Test</th>
                    <th scope="col" class="TestsTable" abbr="Message">Message</th>
                    <th scope="col" class="TestsTable" abbr="Message">Owner</th>
                    <th scope="col" class="TestsTable" abbr="Exception">Duration</th>
                  </tr>
                </thead>
                <tbody>
                  <tr class="Test">
                    <th scope="row" class="column1">10/20/2022 9:16:05 AM</th>
                    <td class="failed">FAILED</td>
                    <td class="Function">verify_search_with_ValidData_and_Select_Items_From_Suggestion (Data Row 0)</td>
                    <td class="Messages">verify_search_with_ValidData_and_Select_Items_From_Suggestion<a style="float:right;" id="ID0AFMAC0IMACStacktraceToggle" href="javascript:ShowHide('ID0AFMAC0IMACStacktrace','ID0AFMAC0IMACStacktraceToggle','Show Stacktrace','Hide Stacktrace');">Show Stacktrace</a><br>Assert.AreEqual failed. Expected:&lt;
Hero Hoodie &gt;. Actual:&lt;Hero Hoodie&gt;. <br></td>
                    <td class="Message"></td>
                    <td class="Message">3.11 minutes</td>
                  </tr>
                  <tr id="ID0AFMAC0IMACStacktrace" class="hiddenRow">
                    <td colspan="6">
                      <div id="exceptionArrow">↳</div>
                      <table>
                        <tbody>
                          <tr class="visibleRow">
                            <td class="ex">   at SQABootCampFinalProject.PageObjectModel.BaseClass.CommonMethodClass.GetElementText_And_Verify_Visibilit(String elementtext, By path) in C:\Users\raees\source\repos\SQABootCampFinalProject\PageObjectModel\BaseClass\BaseClass.cs:line 363
   at SQABOOTCAUMP01_FINAL_PROJECT_Umar_Khursheed_.SearchClass.Verify_Search_Product_Hero_Hoodie_Showing() in C:\Users\raees\source\repos\SQABootCampFinalProject\PageObjectModel\SearchPage\SearchClass.cs:line 42
   at SQABOOTCAUMP01_FINAL_PROJECT_Umar_Khursheed_.SearchClass.Suggestion_Items(String text1, String text2, String text3) in C:\Users\raees\source\repos\SQABootCampFinalProject\PageObjectModel\SearchPage\SearchClass.cs:line 104
   at SQABOOTCAUMP01_FINAL_PROJECT_Umar_Khursheed_.SearchClassTestCase.verify_search_with_ValidData_and_Select_Items_From_Suggestion() in C:\Users\raees\source\repos\SQABootCampFinalProject\PageObjectModel\SearchPage\SearchClassTestCase.cs:line 32
</td>
                          </tr>
                        </tbody>
                      </table>
                    </td>
                  </tr>
                  <tr class="Test">
                    <th scope="row" class="column1">10/20/2022 9:19:11 AM</th>
                    <td class="passed">PASSED</td>
                    <td class="Function">Search_Products_By_Invalid_Data (Data Row 0)</td>
                    <td class="Messages">Search_Products_By_Invalid_Data<br></td>
                    <td class="Message"></td>
                    <td class="Message">1.25 minutes</td>
                  </tr>
                  <tr id="ID0APNAC0SNACStacktrace" class="hiddenRow">
                    <td colspan="6">
                      <div id="exceptionArrow">↳</div>
                      <table>
                        <tbody>
                          <tr class="visibleRow">
                            <td class="ex">
                            </td>
                          </tr>
                        </tbody>
                      </table>
                    </td>
                  </tr>
                </tbody>
              </table>
            </td>
          </tr><script>
                  CalculateTestsStatuses('ID0ATMAC0WMACTestsContainer','ID0ATMAC0WMACcanvas');
                </script><tr>
            <th scope="row" class="column1">7/21/2014 10:56:45 PM</th>
            <td class="PackageStatus"><canvas id="ID0AINAC0LNACcanvas" width="100" height="25"></canvas></td>
            <td class="Function">SQABOOTCAUMP01_FINAL_PROJECT_Umar_Khursheed_.PageObjectModel.SubScriptionPage.SubscriptionPageTestCase</td>
            <td class="Message" name="ID0AINAC0LNACId">2 Tests</td>
            <td class="ex">
              <div class="OpenMoreButton" onclick="ShowHide('ID0AINAC0LNACTestsContainer','ID0AINAC0LNACButton','Show Tests','Hide Tests');">
                <div class="MoreButtonText" id="ID0AINAC0LNACButton">Show Tests</div>
              </div>
            </td>
          </tr>
          <tr id="ID0AINAC0LNACTestsContainer" class="hiddenRow">
            <td colspan="5">
              <div id="exceptionArrow">↳</div>
              <table>
                <thead>
                  <tr class="odd">
                    <th scope="col" class="TestsTable">Time</th>
                    <th scope="col" class="TestsTable" abbr="Status">Status</th>
                    <th scope="col" class="TestsTable" abbr="Test">Test</th>
                    <th scope="col" class="TestsTable" abbr="Message">Message</th>
                    <th scope="col" class="TestsTable" abbr="Message">Owner</th>
                    <th scope="col" class="TestsTable" abbr="Exception">Duration</th>
                  </tr>
                </thead>
                <tbody>
                  <tr class="Test">
                    <th scope="row" class="column1">10/20/2022 9:28:43 AM</th>
                    <td class="failed">FAILED</td>
                    <td class="Function">Subscription_With_InValid_Email_HomePage (Data Row 0)</td>
                    <td class="Messages">Subscription_With_InValid_Email_HomePage<a style="float:right;" id="ID0A1MAC04MACStacktraceToggle" href="javascript:ShowHide('ID0A1MAC04MACStacktrace','ID0A1MAC04MACStacktraceToggle','Show Stacktrace','Hide Stacktrace');">Show Stacktrace</a><br>Test method SQABOOTCAUMP01_FINAL_PROJECT_Umar_Khursheed_.PageObjectModel.SubScriptionPage.SubscriptionPageTestCase.Subscription_With_InValid_Email_HomePage threw exception: 
OpenQA.Selenium.WebDriverTimeoutException: Timed out after 60 seconds ---&gt; OpenQA.Selenium.NoSuchElementException: no such element: Unable to locate element: {"method":"xpath","selector":"/html/body/div[2]/footer/div/div[1]/div[2]/form/div[1]/div/label/div"}
  (Session info: MicrosoftEdge=106.0.1370.34)<br></td>
                    <td class="Message"></td>
                    <td class="Message">3.66 minutes</td>
                  </tr>
                  <tr id="ID0A1MAC04MACStacktrace" class="hiddenRow">
                    <td colspan="6">
                      <div id="exceptionArrow">↳</div>
                      <table>
                        <tbody>
                          <tr class="visibleRow">
                            <td class="ex">    at OpenQA.Selenium.WebDriver.UnpackAndThrowOnError(Response errorResponse, String commandToExecute)
   at OpenQA.Selenium.WebDriver.Execute(String driverCommandToExecute, Dictionary`2 parameters)
   at OpenQA.Selenium.WebDriver.FindElement(String mechanism, String value)
   at OpenQA.Selenium.By.&lt;.ctor&gt;b__11_0(ISearchContext context)
   at OpenQA.Selenium.By.FindElement(ISearchContext context)
   at OpenQA.Selenium.WebDriver.FindElement(By by)
   at SQABootCampFinalProject.PageObjectModel.BaseClass.CommonMethodClass.IsElementVisible(By by) in C:\Users\raees\source\repos\SQABootCampFinalProject\PageObjectModel\BaseClass\BaseClass.cs:line 451
   at SQABootCampFinalProject.PageObjectModel.BaseClass.CommonMethodClass.&lt;&gt;c__DisplayClass53_0.&lt;WaitforElement&gt;b__0(IWebDriver driver) in C:\Users\raees\source\repos\SQABootCampFinalProject\PageObjectModel\BaseClass\BaseClass.cs:line 489
   at OpenQA.Selenium.Support.UI.DefaultWait`1.Until[TResult](Func`2 condition, CancellationToken token)
--- End of inner exception stack trace ---
    at OpenQA.Selenium.Support.UI.DefaultWait`1.ThrowTimeoutException(String exceptionMessage, Exception lastException)
   at OpenQA.Selenium.Support.UI.DefaultWait`1.Until[TResult](Func`2 condition, CancellationToken token)
   at OpenQA.Selenium.Support.UI.DefaultWait`1.Until[TResult](Func`2 condition)
   at SQABootCampFinalProject.PageObjectModel.BaseClass.CommonMethodClass.WaitforElement(By by, Int32 timeToReadyElement) in C:\Users\raees\source\repos\SQABootCampFinalProject\PageObjectModel\BaseClass\BaseClass.cs:line 489
   at SQABootCampFinalProject.PageObjectModel.BaseClass.CommonMethodClass.GetElementText_And_Verify_Visibilit(String elementtext, By path) in C:\Users\raees\source\repos\SQABootCampFinalProject\PageObjectModel\BaseClass\BaseClass.cs:line 362
   at SQABOOTCAUMP01_FINAL_PROJECT_Umar_Khursheed_.PageObjectModel.HomePage.Subscriptionpage.Subscription2(String email) in C:\Users\raees\source\repos\SQABootCampFinalProject\PageObjectModel\SubScriptionPage\Subscriptionpage.cs:line 52
   at SQABOOTCAUMP01_FINAL_PROJECT_Umar_Khursheed_.PageObjectModel.SubScriptionPage.SubscriptionPageTestCase.Subscription_With_InValid_Email_HomePage() in C:\Users\raees\source\repos\SQABootCampFinalProject\PageObjectModel\SubScriptionPage\SubscriptionPageTestCase.cs:line 41
</td>
                          </tr>
                        </tbody>
                      </table>
                    </td>
                  </tr>
                  <tr class="Test">
                    <th scope="row" class="column1">10/20/2022 9:28:19 AM</th>
                    <td class="passed">PASSED</td>
                    <td class="Function">Subscription_With_Valid_Email_Homepage (Data Row 0)</td>
                    <td class="Messages">Subscription_With_Valid_Email_Homepage<br></td>
                    <td class="Message"></td>
                    <td class="Message">23.97 seconds</td>
                  </tr>
                  <tr id="ID0AEOAC0HOACStacktrace" class="hiddenRow">
                    <td colspan="6">
                      <div id="exceptionArrow">↳</div>
                      <table>
                        <tbody>
                          <tr class="visibleRow">
                            <td class="ex">
                            </td>
                          </tr>
                        </tbody>
                      </table>
                    </td>
                  </tr>
                </tbody>
              </table>
            </td>
          </tr><script>
                  CalculateTestsStatuses('ID0AINAC0LNACTestsContainer','ID0AINAC0LNACcanvas');
                </script></tbody>
      </table>
      <Table>
        <caption>Five most slowest tests</caption>
        <thead>
          <tr class="odd">
            <th scope="col">Time</th>
            <th scope="col" abbr="Status">Status</th>
            <th scope="col" abbr="Test">Test</th>
            <th scope="col" abbr="Message">Owner</th>
            <th scope="col" abbr="Message">Duration</th>
          </tr>
        </thead>
        <tbody>
          <tr>
            <th scope="row" class="column1">10/20/2022 9:38:23 AM</th>
            <td class="failed">FAILED</td>
            <td class="Function slowest">SQABootCampFinalProject.PageObjectModel.AddToCart.AddToCartTestCases
                      .AddItems_into_Cart_With_Valid_Boundries</td>
            <td></td>
            <td class="Message slowest">5.52 minutes</td>
          </tr>
          <tr>
            <th scope="row" class="column1">10/20/2022 9:44:11 AM</th>
            <td class="failed">FAILED</td>
            <td class="Function slowest">SQABootCampFinalProject.PageObjectModel.AddToCart.AddToCartTestCases
                      .Addtocart_Without_Size_color_and_Quantity</td>
            <td></td>
            <td class="Message slowest">4.31 minutes</td>
          </tr>
          <tr>
            <th scope="row" class="column1">10/20/2022 9:20:26 AM</th>
            <td class="failed">FAILED</td>
            <td class="Function slowest">SQABOOTCAUMP01_FINAL_PROJECT_Umar_Khursheed_.NewFolder1.PlaceOrderTestCase
                      .PlaceOrder_SignIn_While_CheckOut</td>
            <td></td>
            <td class="Message slowest">4.21 minutes</td>
          </tr>
          <tr>
            <th scope="row" class="column1">10/20/2022 9:28:43 AM</th>
            <td class="failed">FAILED</td>
            <td class="Function slowest">SQABOOTCAUMP01_FINAL_PROJECT_Umar_Khursheed_.PageObjectModel.SubScriptionPage.SubscriptionPageTestCase
                      .Subscription_With_InValid_Email_HomePage (Data Row 0)</td>
            <td></td>
            <td class="Message slowest">3.66 minutes</td>
          </tr>
          <tr>
            <th scope="row" class="column1">10/20/2022 9:16:05 AM</th>
            <td class="failed">FAILED</td>
            <td class="Function slowest">SQABOOTCAUMP01_FINAL_PROJECT_Umar_Khursheed_.SearchClassTestCase
                      .verify_search_with_ValidData_and_Select_Items_From_Suggestion (Data Row 0)</td>
            <td></td>
            <td class="Message slowest">3.11 minutes</td>
          </tr>
          <tr>
            <td colspan="5">
              <h6>Automation Test Results</h6>
            </td>
          </tr>
        </tbody>
      </Table>
    </div>
  </body><script>
        CalculateTotalPrecents();
      </script></html>